81A9A929A9B21B3329332893B2921BBBBB33B32881B292881A93A889A93B321B3289A93BB28
C9EC4DA4D6DBB73A1E1BB7685BF32C4CC4897325F3E1E1F7B7F2D65E561E89A5A17EC496D36
5ED7B6C161E4D21E9F36D2853E532C16DB653A9248C972485A49681F213F76D2D216DB697B2
96C1E1733B7241AD6C817369B7A92493E532845A85ED321F3E84973729253AC1E893648D25A
5AC169BBAC13BB772D692896C16D28C8529AC88CD2CD29B61EDAD3293693ACDBF773B2573A4
164136C44D3A4D3B25B7A5E8521E9EC5A84D7FEDE85FA453ACC5E1B613725E44D21B72893F2
9B3A13F3B61E172492D25A5689B64D69F69724C457B6488965724961BB292C93E1AD3A5E8D2
C49E92C1E88413A1FA41AD28D6D28C1ED3E1B3E888C89F7681A937324D25AC4169F72C9657A
416CDA417F7A9361E521772DE852D73ED252C1F76D6DE41AD2CD3A928D296C888C52165B324
89A5E5A1B7257A89F3A881BE573369A45BA1FA5B2C1649AD73E485F3F7373EDE56921A9E888
D65BE8C8DA1A1F6C485FFA45281B3E41A4DA441736813E453A49684161A1AD6D3B61ACC4CD6
D2965ED7E496968DAD244D292D241FA85A4D293333692D3337B68C88137AD68C85A177697F2
C853AC52497B7376CD21A53E9F281E57AC1E97321A8D3FB292D3F7E5B33ED2CDE8D3BB3F2D2
C5BA45292C969BA1E53AD325E5AC968965A5E93B2CC416C1FAD2496161B652D65641E48C172
DACC1B3F2CC8C4C1733FE13B696D69773AD36C9E177A93E845F21733B2C1A972881A485693A
CDEC841FAC5F72493A8C5A9F25ADA5293FE9244C13A56165B3F3A9217AC1F73B6C9F3FB2C8C
C4C5728C57AC93241E5E964D284C49B68CD61B361B7A13A972C857B28D6852973ECC9E5AD64
D252885692C56929AC965A85B6168C5256D2853A849728D729E533FA572C1B681644C417732
DA89E5A9F2D3AC8C56532CD248896DBB28DAD3A5F2D3A5FB2CC92165329F3725BB32DB21A1A
44CC41F6DB6977ED33B29ED2177E96449E445A5A5B61F2CDA44D3A9328C4133A4C1AC48969E
1A5E137A44853A4489F36D7289B6DBBA4D21B68C972173EC492DA4D32D7A1A8D36977AD7BE4
97AC889613E1B73BEC49A5BAD6D3E4CC9F3B685E529329E5B6845BFBB61F365F337A1EC965A
D2D7E57A1BE97B2C4C96416D6161724C441F2C16137B2C4852C88CC45B25B21E89A5A56C9BE
C8525A1F2C452485245A81B732133A841A1FB69B29AD3E1F32577E481F3AC13F7648C81E44C
5F3296969729337BA817F24921BB2DF3B61E5365B65FADB7293A1E8C17ACDB25333E4D2D28C
9F297B737216888CD7A9F32D2965B648D33693B2489E4C5A968524D7A84C453B2937BE841EC
452C9692813AC5765AC45BB725A1F21FF21B7AD28565AD2CC1E81AD25F25A817B7A1ECC81E4
13ACC973E9BFFA9A96521ED3BA525A1E48841E41E8896417E1F685F297A165B37A5A44C537A
93EC57A164CC4D6DF29A96C1E528852DB7E81F3AD65FA8136853F3FA4161A8492496137B21E
DACD28C93B648496C9E5E961681FFA1E41EC9E97E81E572925A8C8441B325FA5B3F33BAD33E
4C452CD68C9B7B7A5652C5293E964D3E9BEC4C525737A88D325E5E881733A4C8C9693E5E884
9F329F7AC4C5AC852888493E16C92D244445B7332933F65F29372CDFBB3ADAD6CD2C1E1ECC8
C53BED2D685245E9B65FA417B3761F29333AC133A41BF325AC1A1F6C452DE5E965249E16D76
5A9E4D2C8C9A81E453B64892481B3F37A896DBB369A45328C5AC9F253A1E4165A813641BFA8
164C968457E4C8C888C93E5A9E972C92D65244C884C81BB6DAD765A88C1FA89B77329BA445E
81B65A5BB2D3FFF76D641E8D6D729EC969A1A857E17E9E484561B376572C5F6DBB296449B2C
C168961ED3F2CC5B2C8137761FB2CC5736C97F29721FE53E9A81E1BB3284968CCD37332C5BE
C817FA844161EC1736D289B33EDAC49288DFA496892C521F6DE1724DA1F25364C5B3BBBFACC
5E8165E93A936C13A8C176521E4441FB6CCCC9617F369BB724C893B648C92888DAC844C4444
1F7B324DA4C1BE9ACC5B33321E13A84DAC44C481369ACCD293F761F28577A57E445681F3BA8
1E1FB3A4D2416D65F72C1A1BB732C5AC569B72D3B24564D241693B69F33BFB369289E841E56
849E4849FB3B37A97B25B7365293736DA165B2C1E1B33372888C8496C81645A173FEC5BADB2
C1E48D3E4C8DA1649E1A533A93F288165333E168C1E1BB217EC5E1616C921AC13BE4416D6D2
53FB6C9725ECC8884D2DA93EC161E53A1B3BF32D685ACD3B365B61A92D688C5B3648892C968
9245ACC13364D6CC97ACCC84C893E1B6969E5B2C85A565A5213FB3E5AC8D7E85A1AD772CD36
5BB3FED3213361F7F2D6CC53F649F2C1F24C973EC1E9A8413B2CDA48D6D61EC1FB6DBBA45BA
9E484CD293B213F2D248CC88C9ACC853E89E4884D2DED7B285B6441EDB61BFE8CDBECCC88C4
441E8C5B68481A48D21E5F6CD65E573A45649F73F3645A417B6881ADE528C45EC4CCC4CCDFA
9A1777ADB7A53E9761A5AD36D28DB32C13B2452161B336921E97E8DE41A5692D7A44496CC4C
C493A9E452D217F21BE8C53B696C521681FB2892937213E89F6965641ADA85B617BA1696C16
DB7A44C8137A89F2165F68849E17A1B2C1E525E85BB292D76DA49329256CC9F332C532C97A8
4C853AD7B21F6C5A881F25E165A1F25AD2C13377BE4853FBA4C9E9B7B28CCC4813FA88D61F6
84C89772C1B72485F69F337A1B69688DF3721B3A4C973AC4D256D641F25FED2C1A456D7A168
D25E413B684921E1684C89A497B737E4C1A81E1FB65A8C497B28C9325A84CC961F3A97A5B36
53ADBBA5369E8173A5BF765AC969A972C1FE849649ACC5249F2D7729A5F36CDA8DA561E8488
92D6445A92CD68137A45BB2CCD245F3B7ACC5AD3A4D7689B6C1F289E4973B7E56CD21BF72CC
DB7B3A85684537A1AD32CC16C5292DA4976DAD72497A8C4416961F6DB68849728C5A965BB7E
4D25A453BFA929FAD73ACD217B361E5253AC4C929E85ED21B24137A441EC1FB25E96DA1EC9E
8C88C13A4C573E4561B765BB37B3252921E525E96CD2C53ADBBA81E1A1F73E53ACC1EC1EC44
CD7EC1B6173A85A932413ACC89681BAD3B68137F2569688DE44C5AC8D2C93E9AC441652CDB2
5E16417A881ED37688929644DE8C84DE1E85A9AD281F365E49BE9777E1E41EC4D21A1A84C48
8C13A92CC5365B21E5FB613A445FE8CC9F7AD6D697AD3A85A4445A924969AD7ADBAC9F7B69E
5FBBFFAC53B28C92D24D2897B32CDE4C44965A485AD696C9E933A4D32C84D6164445648DAC4
164C44C5B372C45B7A1E9EC85324C4961AC8849684C97AD6D688DB61BED37BBBBB3289EC568
8897BAC1F29372968497E57F2888C97336CC5ADB7A4D2448C8CD6D216C48844C4C81F64C1BE
5FFACC48D2DBA853FB72529E8CCD7E93A17F2CCD241E81AD7E5E9FB33E1ED29F2CC1F3B7AC4
964C4C1FE8C457BA45B28964D7F68DE961AC8DE41A97E17E1E1ECC492417F2C485697A49F68
5A172C1E57F328CC937B6C885AD2CC4492565653B7725A961E16C5B7A929FA5AC8161E1E53E
841B372C9A49B7E569A5A5761E485732DB21B333F33324D324936852CD244D36CD3B3FA5B2C
C8173BA56DA4D2489E49F3A89F361B324D3253B2C1B28969B25B369A4DB29FA1F72DACC9724
5F328CD32441721F65B6C17E45B21E889613BAC8C1FB65245A9689E496DB64D3681EC4CC13A
85A97E5B3A93A137A848D285A9F297F768136CC57A4DA921B641F6D248C5217B37244965A1E
D365AC85A45A53A8CC8573697E525253AC892D7A172C4DBAC8137A5BBEDBA1BE8921AD2848C
C89AC45BE9B61A565F69A13E17329332C5E5B61FBBBE9EC4D7A9AC1EC56441E4D7A8DE85BF6
5F6DF3A4D6C13F33AD3649A5A81A533AD3FBFBA4C44C4CC1696C5E16DB29B2DBE16D64C1E48
1616DA41E8481F2165B28C5AC537B32D68C444C1FA8C8C5A85B7A488C416DBECC88DA8D37B6
1A1B65325E17B7292849F7A4D289729736529B72C56D7616D368C1FED288444C4DEC57729F2
8C1733A1AD2961ADB69649696977337328884528C1AC921AD3B6C845F2CD292DAC568921E5A
D69293E9653E937653E897B737333B3A9FF7B28DE17773B65252C5B3F36C9F244D32DE92416
C173E8D61BACC1B321F6C97B213B3E164441FB6CC93332C1BB284972C9376C1A97A9EC53B3A
C1A165721E56D25B32DACC8C1B2C8C1A133A4DA4CD3321F365369729ED288C176856CC817A4
53FBA81B361AD28C136445E5AC845F3F3A1E8C41FE88925B2813FB2CCC8CD7321E9B65733FA
92C45E1E1B2D685E9B2893E17FF325241E8DED3B65EDF3AC8DA96DAC44C5FA888CC41B21ACC
53692C9725AD372D6D3EC1681E4813A9245ECC169A4449777E5F244C937B645F65689E89F6C
1B3E8CDBA97733AC168573B7AC1E1A5F3A165692C5A88C888497A88C488C1A173B376564D2C
1685FECCCD2133E528D28161EDA5BFBE168813E17A57E4CDF37A4DFF36D68C88961BA93A52C
817BE4C457BA1BE89653F32164C96C4C89F721E92C13F376481E9EC5B2C8DED77A165E1E9AC
D3A4C1E8896484565B325BB3B3772416CC5B3AC5B7216813B61E4C417365E4489729B69F64C
48C1E8C57733689A973A8CC8C88933BACC1E17737A9B36137BB616892932C936D3A452CDA84
8CD3F6C133B32D6DE897645ED765BA44CC1F2893256D289216489B653F33ED3B61F21AC45F2
CD685B61BAD33E1656521B2C413B648964161FE93BA5B6D3BA96CD293F324525BA5A8C532DA
572C8D3B65F28C921A932C1E1A8C92D728893E5E84D37AC964DB6C972DA93A936417E5B3364
8817F68413E17773B773253F36D6DBFB25FE1696D2C925649A4C8D729EC4176921A9737BA88
CD3AC9FB2161A928C1A133A5B2C1E4C5284C1AC8D3EC9333E4845FB24C48813FA177B21E4D6
C52C5E4DA892D696D25A92C9736972C896172D657A5EC928C8DA96DA849E5B3EC89AD3A5AD2
C1A5AC96CDF37AC841AD7BE41A172177E9292413B72D6C9777E5F2445B6525AC564CC9724DA
C1E8C4DACC4937FF32CC8453AC93289B6DBFA1BB7A841E4888497293BE13A965A1AC4DB284C
DB77684C4D248165297EC81B7FFA976D3ECCC1EC176925ACDF37B2C1E5A8CC9A41F7ACDA5B6
CC928DAC1F28DA93241F7E9FA44D681616C4C845289E1BF76521E97AC9ECDE4C9B6856449F2
C5F2D6573F3645E81A96964C532DB7A1B3725F321F65B6413B21EDA444CDE417E497A1B24C8
4969FA93B7BA92CDBF6161A521B652D25A932D21373A49A1B7BB6C53A176C89AD241E9E81FE
8D364C416164C8DE4C1A9369A972137A165B372921AC8CD2C1648413721BF76C53A976DFBEC
D681B681333B65EC853FE92CDFBA81AD3A17B29F29777E41F281733A889653A492DE1A4CCC4
48DA53733A1F3AC569AC5FA4C4C5E85E8C9A48CC8D3284884961B32D6DE1A8C961ED36844DA
856C1BBBAC9E857B245696416172CD25644C8CC4C41BE8D7373AD3BE1E5257ED3AC52853BE4
C89FACC44D64D21E13B3E1A8888977213A85ED7AD3364C48893FE844161BBBE41EDB2C816C8
5FE4C4D3B693F336885A5ACCCD7E93A897E96C1F68933E8D7FACD7328896445A1EC5ACC1ACC
16C972C1696841337E8524D7F68DE96DE8DF368D37F32D772444D21B657B292C9FE85F61F6C
896C1AC1361E9281B65A925AD2CC449E456C89E5B253253BBBB2D33E13372D2DEC4D2D32C96
C4173E4933AD697AC9ACD33E48569BE532977E41689329A4445253A41A13B61E4C1FA53A568
53B21E17A9F7A496C4D7693F369A44493A4897288D721E5A88881A481E81F3AC849ED21FA96
1ADB25B3E4C96961E173AC85B2CD21A485B6D3A5E533A41777FF25BE96C9E8D7F244D3BECC8
85E53A4972C41F3BE928CD6969641A53FA5B61F2DB297B2932CD324DE9F645725A8161E4CCC
5B73A41E1373B7AC4C96C48C1F213F33E5241A53E48D2D369245A896DEC93A1B36DA9B7A5FE
1732C92C933241E4177B72573F3BB613E133B729E8569E9AC888C5E8444D252C884CC49E8CC
9332D724C13A137BB3B7A1B3B68C413A5A137B2C4C88C44D7FED685FA93F3A9FFF25696CC44
5A937328DBAC881641E968C1697693BE961BAD3F257E53B724C537B64C848CCCCD292497F32
1FF281ACC4DF7693A8449EC89E92C844D3B65FADB32D29F288C888C9B772C5EC441FB241F32
9649617E41EC1A49FE1BE5ECC4D2C5A9E9689E4C5BB72CDA5FF76D64C933E8449B2CDA13728
DB3733253B65AD2C45ACC845F2D2C1F6441765AD2453B64D2C5B2C937F28CC8845ACC489A9E
45A9B3BB361AD72C88D65613617B7B69A9A929641BA172972C173E413F2D77E53B76DBEC564
937EC8452817E924CC4813B213A48DAC5E56853B36D32169AC893681372532D325A96457B3A
49ACD7BA8D324C925F2C93E8137BEC5685A1F33E885B2816D657B2C8933BA9E13A4DA1A1FA4
8CCC4165E5A9AD728C1E48D7BA16D613F3E1E884DE97AC92413361F7E92C56493E1E53E1E48
CCD7B281E8D65728DE17B7FACC1A413361697FF2C5FAD6D3B2928841EDB681A4961E817241E
56417B7ACD69292CC5B3616CCC972928892416D2C84C41E9E9FAD7BB6C49F3FAD337F321A96
13B29F24DF3F3696C1729B24C573BF25F7289249E53FA8C4D64C41E525ACD2CD6133E133EC8
13E84D28CD2C885B73B24C9B6889EDA97BAD689EC93656D25B2C1A528856C8C53A89613B7FE
1ADF372D6D257F361AC1ADE496C444DF24D72D644D321AD28525AD21F73B6CD21E5733B68CC
1F6C1A8D2D288C13B6C85E5B7A5BA16DA1733E932D333773E8936C9AD29FB6DB2D33A97ACCC
968C965F253764885B6D36968C845A8C5B328DE81E93BBA1EDE81ECDE1E4D2448C896DAD64C
497F7A8521BA9A5F37AD217AC57BBE5E1E1B7E4C17E964C8C45E1764C1F24889645FA4CD3A4
172525732165653721653324533645252416173613653256413613336172177733365245252
