23
29
72
75
80
86
126
147
175
187
203
217
245
296
329
386
408
409
409
460
477
543
554
630
643
656
698
741
748
781
797
802
845
848
877
885
924
949
955
965
984
1000
1004
1006
1012
1034
1091
1105
1109
1128
1150
1161
1191
1205
1205
1277
1284
1349
1360
1372
1382
1457
1458
1462
1529
1550
1626
1641
1653
1716
1726
1731
1819
1824
1850
1859
1893
1906
1974
1979
1999
2020
2035
2053
2070
2075
2103
2123
2156
2178
2186
2202
2264
2289
2348
2370
2386
2388
2428
2484
2486
2509
2538
2567
2580
2634
2663
2719
2743
2779
2790
2808
2829
2857
2859
2875
2938
2942
2987
3009
3021
3067
3099
3166
3180
3190
3200
3269
3272
3292
3293
3306
3319
3348
3388
3388
3420
3459
3514
3528
3565
3583
3653
3678
3692
3722
3734
3770
3771
3781
3844
3879
3907
3924
3961
3961
4012
4021
4026
4031
4055
4085
4096
4115
4143
4159
4196
4255
4259
4325
4336
4368
4419
4432
4467
4485
4495
4564
4574
4589
4618
4635
4669
4676
4720
4759
4769
4775
4848
4852
4860
4868
4912
4913
4952
4985
5008
5034
5047
5066
5076
5087
5089
5160
5169
5219
5225
5275
5316
5316
5357
5378
5424
5474
5491
5506
5573
5598
5639
5644
5650
5658
5659
5710
5756
5768
5841
5851
5853
5855
5869
5927
5941
5962
5991
6010
6031
6070
6080
6117
6143
6151
6154
6177
6179
6179
6189
6216
6221
6286
6301
6314
6340
6357
6392
6428
6485
6494
6529
6530
6534
6563
6584
6613
6620
6667
6677
6680
6684
6693
6706
6733
6736
6743
6783
6789
6814
6821
6863
6876
6878
6955
6967
7009
7017
7046
7080
7085
7132
7151
7162
7177
7211
7211
7236
7262
7267
7283
7336
7366
7373
7459
7462
7470
7508
7537
7592
7608
7610
7624
7652
7670
7693
7699
7726
7749
7789
7834
7836
7869
7871
7901
7919
7963
7974
7981
8016
8064
8083
8103
8173
8182
8183
8219
8236
8245
8259
8306
8306
8313
8350
8397
8429
8490
8491
8525
8553
8603
8613
8622
8622
8647
8705
8724
8790
8821
8833
8867
8868
8909
8934
8973
9018
9038
9065
9116
9127
9151
9170
9183
9214
9235
9247
9310
9334
9356
9399
9450
9461
9485
9485
9493
9523
9549
9603
9614
9620
9635
9687
9692
9702
9729
9741
9751
9794
9821
9889
9909
9923
9972
9983
9990
10067
10080
10089
10161
10183
10227
10237
10254
10333
10384
10418
10463
10556
10614
10643
10648
10745
10792
10860
10881
10928
11012
11088
11120
11156
11226
11270
11311
11328
11358
11360
11361
11404
11467
11493
11511
11518
11554
11589
11675
11714
11783
11866
11898
11978
12043
12133
12210
12222
12232
12283
12342
12436
12515
12558
12641
12642
12729
12753
12771
12840
12918
12989
13002
13043
13092
13123
13123
13208
13226
13313
13390
13430
13452
13513
13533
13620
13671
13720
13819
13880
13932
13943
13951
13982
14036
14127
14159
14253
14268
14270
14333
14379
14405
14433
14520
