19084 9415 2956 1040 5858 2056 9179 17500 17417 9036 15485 
578 17122 7540 7448 3229 122 13975 15826 19171 15602 5590 16395 12537 713 6433 19386 9500 17332 19696 12950 
4549 8393 17947 15749 18597 3999 18486 17395 18359 18155 16294 6997 1333 
17929 7483 12926 10963 6141 3901 9099 14848 2200 11624 396 6931 10127 
7643 2753 19472 10531 14702 15340 16071 7417 10470 12477 
8717 15870 16939 4324 2812 5490 2232 3902 12823 4717 10211 
317 14392 3104 1997 9169 12859 18261 
630 11634 948 10997 18890 16369 7974 1775 19613 
19141 12240 15897 14776 1458 18155 16294 6997 15098 2988 6144 1224 10644 
6386 13073 3497 16142 14972 3440 5347 
18297 17051 8610 3281 13315 11771 13055 16256 248 
17479 16591 14599 1622 7781 13742 11799 7352 2216 19791 4276 15077 
9583 7498 10043 1250 17669 19676 10775 4138 18645 2240 3670 11303 
4089 17777 18930 2859 18197 9958 5345 15214 
6666 6755 1480 10132 17247 14683 5112 2022 
17716 2888 18041 13099 327 12306 18525 12864 16094 4264 8596 14451 11760 5751 
17507 2687 11691 6462 19494 10117 7615 17982 5786 6946 18295 
18701 18886 15524 3027 9841 7383 5346 2057 
19628 17459 696 19609 11472 15030 10439 3456 7359 5914 5171 7830 16631 
12185 2755 3902 2677 1625 16985 18540 5393 278 12187 3302 6027 7271 
9108 8589 6282 18991 14701 4958 230 13707 12402 15180 902 
17483 9819 3695 18718 9622 1651 18431 2773 9426 
19164 15412 12388 5748 11792 18540 18113 
9039 305 18993 10929 3086 651 6408 7940 671 12734 18306 
8757 3404 11524 8974 2007 18249 19543 19806 9353 6591 11073 1105 15425 
3653 1870 18300 13732 8450 5048 17850 7054 
15673 7164 4140 15839 7785 11048 14861 9825 8297 6668 10557 9603 7584 15210 18099 1133 
2132 7190 8775 1914 7286 2886 5280 13251 5257 
12437 1294 7550 9370 11816 13052 6221 
472 19544 4682 18365 8453 16440 3457 3194 8716 6257 7891 19103 
8244 6157 15019 9394 7133 8178 18045 8896 5766 13734 2532 9191 15218 18188 
4854 2604 3387 19234 16319 2961 11760 5751 
16483 13728 13873 3505 11175 12769 15426 14345 1090 2019 11671 8328 9331 3556 
7809 13705 12996 4168 8081 2586 9770 7592 13503 18224 16111 
187 5296 14666 6480 18228 2562 19994 
3383 12961 9134 17536 11847 3049 1945 12395 8828 4637 6536 19824 12353 9295 
897 4488 15389 15444 18267 6670 15044 15908 866 
18722 17786 519 11873 9609 14499 18257 5992 14726 61 
18979 9208 18737 10201 12581 11924 11935 14799 15116 7832 8612 16833 7761 
18368 11404 16152 3502 16347 8503 14325 17387 18589 10214 13105 12629 12065 7737 
3186 16576 13549 392 10362 7293 1855 14827 11760 2961 16319 1699 5112 2022 
14792 10495 5914 5171 7830 16631 18860 
3155 3678 8491 9751 4755 5615 6096 9528 5889 5094 15661 8241 14211 13768 361 16242 16924 
4117 12160 15097 3864 2716 16721 16418 5718 12539 16646 18589 17387 14325 8503 16347 16370 3455 104 15592 
3146 221 3170 11981 18540 15554 14734 9646 5143 872 4589 
14696 5918 2613 49 1134 12039 1084 417 17638 11390 
2778 17668 11049 11849 305 18993 10929 8618 19551 
17142 14653 17077 3315 5276 14621 12765 11079 18855 1132 7295 19261 
3107 2671 19116 12994 11736 15558 4716 4904 19634 8184 4952 
15373 18923 15676 9825 8297 6668 10557 9603 7063 2850 12417 9983 3651 19085 19996 3295 
