46049 20387 1897 49212 18187 34406 28476 24814 27897 42446 25944 916 
38929 15400 4948 25130 11469 38206 16852 17239 37132 28195 19978 2186 6008 14369 
23632 24907 1008 25932 12365 32462 33800 28234 49295 2924 5982 39510 
31670 14850 9366 22384 29927 23979 
41161 4670 28031 28724 39635 17461 1056 15531 36928 16962 33165 45527 9352 
4207 24990 3634 31113 14098 22738 46558 40284 8029 15451 4708 
23853 22684 49430 1573 2326 4309 1601 20239 6713 27311 23182 42338 23077 22133 35587 
47732 4396 33923 49454 5452 24765 41339 34104 13896 20311 31507 47727 
43105 35823 14452 34193 23418 34351 1588 17092 49586 28021 
45108 39579 45285 9122 21050 39878 13555 24844 8094 46187 41252 7285 19914 9923 
39797 40853 40279 13555 39878 21050 9122 43255 39182 8759 7408 
8449 41216 20389 44638 19525 6274 11726 19622 
47785 47698 48693 31884 3084 27556 30558 8094 24844 13555 39878 35950 30642 46251 36357 14854 32383 
35703 14259 48479 18517 2157 15944 19207 48552 43951 31554 2573 705 
7692 20423 32984 33873 16453 24080 7235 
18817 33875 46777 15087 13382 20851 23044 32981 10288 3742 
8151 31415 33630 32061 36512 39069 45297 19012 38996 13681 45129 7746 
18111 8565 21817 34563 31572 18248 48976 21008 42139 31784 
47257 41138 44525 48413 37059 11099 14317 22433 23647 7286 3693 7108 26071 46360 49782 
5763 19772 37052 25982 37473 10837 2841 29759 25999 40743 44718 19443 10964 42995 13709 32740 38418 
9134 1534 39063 25656 21477 36437 13850 45540 29450 38988 9970 
43126 37884 49263 22143 13963 14139 16604 44691 35658 45030 6333 18385 1978 34666 32988 
45558 40097 40185 15867 42830 3362 35803 33904 22485 12233 19282 15032 40859 
30716 39182 43255 9122 36626 49461 3936 38940 19165 47019 22212 38663 
18880 44965 14570 25991 46247 8984 49150 34926 25824 
48586 35674 33421 34306 38828 47275 10108 48769 2721 21532 28761 7718 34420 8677 
33232 6331 21474 31207 42163 3841 16566 41987 21712 23854 45383 6532 25267 7036 
28300 32528 424 47968 5477 1116 45526 33398 46665 34181 14119 33780 16942 48139 31017 
39419 21678 30111 47732 4396 33923 49454 5452 48591 30761 29025 14003 
31723 33381 10157 24044 3659 29794 1812 41005 49095 15071 17634 47112 
21239 48565 19315 49346 6570 540 
854 19418 14762 49440 1502 7576 45223 2003 3541 31839 47234 11462 31297 18625 29391 
8287 49542 1219 25721 20884 30926 16342 41252 7285 43669 922 35228 18896 17884 24745 18966 
11175 62 37621 37950 17971 5702 34282 26264 15672 37624 5544 
18748 43677 4225 16939 
43963 46612 4230 9139 47409 41623 25911 36486 41842 13228 16618 20755 47974 27883 
26910 40107 19442 30281 35135 2842 9019 14214 37090 
10871 43368 35343 39521 39563 9842 22468 
27949 24814 27897 42446 31097 17713 46020 41588 
11131 19453 21982 31207 18197 26893 46829 
17412 43870 41788 44945 32749 19858 39470 34422 41467 5965 9718 
5507 2856 30421 3745 4231 18725 44937 43729 30548 644 
16754 15242 48309 27744 21553 42561 39283 23601 33652 9121 33807 
31662 8486 47852 41252 27723 890 41186 12007 12291 17965 43349 6174 
47811 23778 49754 35322 38442 10766 44610 15379 13386 
3286 27949 24814 38601 33752 7308 32695 36126 10886 11688 36257 19050 
13926 32974 2807 36174 4141 
48442 36561 39604 39060 25721 23664 30642 35950 39878 13216 24070 15890 20492 28500 21995 37366 2684 3385 22214 
23108 3608 3803 33091 1898 39775 16220 43935 3289 37483 16833 14794 11275 36658 9618 
27759 23499 33084 11612 36447 44986 43597 41856 
