953 34 691 633 84 
538 56 235 551 636 998 604 
249 541 491 
774 304 682 423 220 8 464 959 
217 258 44 715 241 859 
102 494 
867 962 947 603 298 
801 424 862 779 65 781 9 
279 683 114 396 980 772 286 563 
743 187 255 608 219 
201 294 275 923 678 
184 911 246 
574 495 366 534 399 
52 674 911 246 
814 97 993 898 474 167 929 
807 103 519 570 243 699 767 
14 387 125 113 345 
371 212 185 430 462 264 
837 44 715 146 
223 880 64 175 552 383 137 54 
5 856 659 435 325 
548 60 733 873 
624 125 113 135 372 585 709 473 495 574 536 350 
883 49 835 368 903 
914 284 659 336 769 903 368 626 
123 745 373 113 125 524 115 
304 870 785 201 957 738 55 435 166 451 869 829 308 
362 689 174 508 287 953 951 460 816 879 
707 882 827 393 406 822 930 383 414 
125 958 393 521 
344 806 8 464 138 673 879 932 
288 26 58 495 574 536 359 
278 505 170 347 155 660 
623 760 668 87 14 387 125 524 115 
806 8 319 175 552 230 846 
170 505 913 606 974 949 174 869 614 812 
172 768 932 702 850 571 403 719 
685 904 974 949 174 945 796 
70 834 169 831 542 986 696 566 341 569 
699 243 406 822 872 924 750 984 
195 355 533 872 822 
99 806 8 319 175 64 862 500 
131 347 190 29 55 435 447 264 462 
379 662 943 613 388 702 932 768 838 
876 614 869 174 949 974 606 913 505 
359 536 574 495 806 8 220 
437 644 521 393 406 822 442 648 
579 9 241 715 44 716 
308 829 869 451 66 556 152 629 865 202 
831 126 650 298 12 322 115 
