78 92 67 14 
90 14 71 88 6 
49 28 11 43 
88 52 81 31 39 
94 91 13 3 
59 21 4 58 
54 62 2 87 77 72 
13 62 54 82 17 55 
52 81 86 26 
73 7 68 49 28 11 
71 51 95 79 
13 76 2 64 88 52 81 
18 13 91 
68 49 
40 24 70 30 81 52 
29 4 75 1 34 18 
67 92 75 4 20 
25 5 80 50 16 
63 9 54 14 
55 20 4 58 
17 79 15 
16 70 71 
88 52 81 31 80 4 29 
27 83 78 24 40 
56 50 80 4 75 1 
51 28 
81 57 79 95 65 
9 0 
56 50 80 31 78 
49 1 82 94 97 
31 81 57 79 
16 50 80 4 98 
99 42 
14 76 13 62 
56 50 16 70 
20 4 80 27 73 
86 81 31 41 94 97 37 
45 16 50 56 74 
66 80 27 73 
15 70 24 7 33 23 
75 4 80 66 
51 28 11 43 56 
32 63 9 61 
56 50 80 4 20 55 89 
40 24 6 
86 81 52 88 71 
85 90 14 33 23 19 3 
70 15 79 95 85 
45 85 
48 11 28 2 
