48
79
87
130
158
160
189
251
288
310
375
401
402
418
419
443
455
495
511
525
566
607
642
669
695
705
711
718
742
770
818
856
863
883
930
958
992
1042
1063
1064
1069
1113
1144
1172
1192
1201
1238
1267
1315
1315
1336
1340
1432
1435
1458
1502
1506
1507
1548
1550
1573
1577
1645
1645
1670
1682
1699
1705
1707
1749
1789
1847
1856
1904
1906
1929
1988
2012
2013
2015
2016
2089
2096
2114
2155
2175
2207
2213
2234
2282
2319
2333
2344
2346
2352
2373
2382
2404
2405
2415
2440
2442
2474
2485
2493
2499
2559
2587
2588
2631
2636
2657
2719
2723
2745
2775
2781
2839
2840
2881
2922
2937
2959
2970
3011
3037
3043
3057
3092
3107
3128
3128
3134
3197
3197
3225
3238
3283
3321
3328
3373
3388
3406
3420
3424
3461
3470
3483
3533
3582
3607
3643
3682
3708
3740
3771
3787
3834
3835
3845
3883
3904
3905
3969
3987
4031
4041
4047
4106
4109
4112
4158
4163
4207
4248
4283
4301
4350
4362
4389
4420
4433
4444
4444
4453
4456
4492
4524
4526
4542
4570
4585
4593
4614
4629
4629
4636
4722
4724
4759
4804
4805
4835
4835
4864
4902
4910
4962
4992
4998
5002
5082
5086
5093
5138
5143
5148
5179
5207
5252
5273
5279
5308
5316
5334
5375
5380
5405
5424
5426
5451
5494
5517
5540
5584
5609
5639
5651
5704
5711
5742
5750
5765
5776
5817
5834
5877
5896
5911
5917
5977
5982
6052
6064
6073
6129
6165
6180
6221
6251
6262
6297
6310
6335
6349
6358
6381
6438
6457
6476
6525
6535
6560
6613
6620
6623
6698
6722
6752
6772
6787
6798
6818
6829
6850
6872
6946
6946
6977
7018
7036
7040
7084
7123
7140
7181
7224
7237
7267
7284
7289
7317
7369
7402
7436
7467
7508
7518
7525
7551
7566
7589
7598
7602
7656
7664
7696
7700
7711
7727
7731
7759
7784
7819
7835
7869
7907
7956
7964
8040
8044
8120
8126
8136
8139
8172
8198
8210
8222
8253
8265
8268
8277
8284
8289
8303
8344
8344
8347
8367
8417
8461
8516
8519
8550
8591
8608
8673
8686
8715
8768
8797
8816
8817
8836
8855
8877
8906
8932
8982
8990
9038
9038
9053
9058
9078
9102
9146
9185
9188
9203
9270
9288
9300
9311
9323
9344
9400
9406
9440
9474
9497
9504
9505
9519
9548
9565
9575
9598
9608
9630
9648
9650
9674
9695
9712
9728
9773
9807
9833
9877
9886
9905
9906
9945
9960
10003
10039
10051
10069
10075
10100
10121
10125
10199
10208
10220
10222
10223
10242
10321
10325
10363
10392
10403
10408
10408
10473
10505
10512
10532
10571
10592
10624
10630
10653
10703
10714
10783
10784
10806
10882
10889
10902
10913
10947
10947
10958
10997
11025
11046
11077
11088
11100
11117
11143
11211
11214
11280
11295
11314
11337
11385
11393
11395
11397
11462
11474
11549
11549
11570
11644
11657
11705
11708
11712
11751
11754
11757
11757
11768
11839
11862
11871
11883
11894
11897
11901
11907
11933
11977
11980
11992
12007
12056
12075
12077
12082
12154
12161
12186
12210
12212
12222
12286
12315
12349
12363
12370
12374
12385
12418
12429
12503
12509
12511
12584
12601
12611
12623
12637
12661
12678
12703
12750
12752
12770
12793
12853
12883
12917
12940
12997
13012
13050
13087
13097
13113
13158
13180
13181
13181
13195
13208
13268
13279
13291
13329
13333
13357
13380
13399
13427
13496
13497
13523
13524
13595
13597
13626
13668
13693
13763
13789
13860
13888
13913
13946
13967
13972
13988
13990
14001
14026
14032
14046
14087
14097
14107
14108
14147
14154
14164
14196
14245
14260
14330
14337
14341
14354
14428
14428
14483
14488
14519
14543
14559
14566
14640
14647
14649
14658
14674
14681
14697
14774
14774
14833
14848
14894
14924
14928
14935
14944
14976
14982
15029
15041
15084
15124
15127
15144
15189
15212
15228
15281
15288
15313
15354
15408
15453
15496
15520
15580
15600
15606
15615
15653
15658
15661
15716
15749
15761
15790
15823
15849
15853
15863
15888
15946
15967
15974
16011
16034
16081
16081
16135
16162
16189
16228
16258
16274
16282
16299
16315
16315
16326
16370
16391
16421
16462
16464
16543
16548
16563
16613
16627
16640
16663
16666
16715
16761
16785
16789
16813
16844
16863
16870
16931
16957
16998
16999
17040
17090
17093
17126
17131
17131
17155
17186
17195
17202
17214
17242
17276
17287
17332
17374
17399
17414
17488
17496
17547
17548
17554
17581
17626
17669
17690
17706
17709
17740
17803
17817
17828
17847
17862
17892
17926
17927
17958
17986
18039
18062
18075
18076
18086
18156
18156
18190
18235
18278
18328
18328
18345
18386
18404
18414
18475
18481
18559
18573
18610
18617
18640
18659
18663
18701
18734
18746
18807
18835
18861
18903
18914
18955
18972
18989
19055
19071
19085
19091
19101
19107
19116
19174
19186
19205
19223
19247
19273
19324
19364
19401
19403
19441
19457
19464
19530
19557
19596
19601
19673
19690
19694
19709
19717
19750
19785
19801
19879
19891
19895
19914
19948
19958
19987
20021
20036
20043
20102
20118
20138
20188
20225
20262
20267
20270
20312
20348
20369
20418
20420
20428
20435
20449
20473
20501
20522
20526
20589
20612
20621
20659
20692
20710
20772
20783
20808
20831
20837
20859
20897
20899
20925
20950
20956
20981
21033
21079
21084
21139
21183
21199
21226
21243
21270
21308
21315
21345
21350
21394
21400
21439
21493
21498
21563
21583
21583
21619
21634
21666
21691
21693
21699
21717
21730
21788
21810
21858
21860
21900
21915
21959
21981
21993
21996
22041
22054
22104
22111
22126
22151
22209
22237
22280
22305
22318
22350
22352
22370
22419
22439
22450
22481
22484
22514
22542
22552
22590
22604
22616
22632
22640
22649
22684
22715
22749
22756
22809
22819
22855
22856
22878
22898
22919
22932
22942
23014
23020
23026
23071
23079
23167
23177
23227
23244
23252
23310
23317
23370
23391
23391
23448
23453
23508
23551
23582
23587
23620
23671
23692
23705
23727
23737
23775
23834
23839
23861
23900
23952
23987
24006
24023
24029
24052
24116
24138
24164
24193
24197
24197
24203
24244
24268
24287
24297
24307
24319
24343
24366
24375
24460
24473
24532
24535
24585
24611
24656
24691
24699
24716
24727
24753
24793
24831
24844
24850
24904
24935
24959
24959
24970
24974
24996
25019
25024
25097
25117
25171
25174
25239
25241
25249
25260
25275
25277
25309
25311
25319
25364
25368
25397
25453
25485
25536
25556
25581
25583
25592
25603
25645
25668
25672
25687
25691
25782
25784
25785
25800
25841
25859
25919
25944
25974
26010
26034
26092
26117
26150
26206
26219
26219
26273
26292
26308
26349
26362
26439
26459
26471
26485
26491
26543
26548
26587
26591
26612
26629
26651
26653
26672
26723
26733
26741
26777
26790
26825
26833
26871
26875
26912
26957
26961
26986
26996
27029
27039
27072
27113
27133
27158
27217
27221
27225
27278
27288
27309
27347
27352
27382
27401
27415
27429
27467
27489
27556
27567
27568
27631
27632
27653
27724
27742
27752
27820
27833
27844
27860
27895
27902
27903
27903
27904
27942
27950
27988
27996
28041
28049
28134
28139
28169
28191
28204
28243
28255
28275
28294
28328
28365
28374
28385
28403
28403
28434
28472
28498
28563
28591
28595
28644
28650
28660
28661
28674
28699
28705
28714
28743
28748
28783
28822
28842
28890
28898
28967
28979
29022
29024
29079
29102
29141
29158
29176
29197
29209
29220
29258
29269
29286
29309
29346
29357
29398
29423
29440
29482
29484
29486
29538
29554
29619
29645
29654
29669
29721
29732
29732
29752
29780
29800
29803
29832
29842
29881
29922
29934
29942
29978
29982
29991
30029
30076
30080
30090
30103
30104
30131
30138
30150
30202
30209
30270
30282
30282
30302
30309
30322
30338
30406
30418
30420
30502
30510
30548
30577
30593
30631
30637
30686
30713
30713
30722
30736
30765
30782
30799
30831
30868
30874
30894
30933
30963
30991
31048
31049
31143
31145
31166
31173
31178
31215
31276
31311
31335
31341
31346
31388
31432
31432
31512
31529
31554
31556
31556
31563
31583
31648
31654
31693
31702
31766
31797
31826
31864
31892
31916
31946
31987
31988
32038
32068
32095
32128
32138
32172
32200
32211
32267
32268
32283
32331
32336
32390
32409
32411
32466
32474
32493
32519
32561
32590
32614
32640
32663
32682
32726
32748
32811
32817
32825
32849
32863
32942
32943
32984
33005
33019
33087
33096
33117
33140
33152
33188
33209
33229
33282
33288
33315
33364
33378
33378
33435
33446
33463
33485
33500
33543
33590
33592
33598
33613
33642
33649
33662
33705
33706
33712
33715
33768
33774
33789
33824
33827
33861
33880
33931
33944
33960
33975
34008
34009
34027
34029
34111
34120
34149
34183
34233
34260
34273
34297
34312
34344
34373
34376
34379
34429
34448
34463
34504
34535
34558
34614
34633
34656
34668
34715
34733
34773
34775
34810
34818
34866
34881
34881
34882
34939
34945
34982
35030
35040
35104
35118
35131
35206
35207
35214
35306
35309
35348
35361
35362
35378
35393
35438
35455
35457
35487
35491
35492
35520
35524
35560
35622
35628
35695
35710
35771
35779
35787
35800
35817
35817
35874
35883
35885
35911
35929
35995
36021
36031
36056
36079
36090
36112
36116
36134
36155
36156
36189
36203
36224
36284
36294
36305
36331
36390
36409
36422
36424
36434
36508
36526
36535
36583
36594
36627
36691
36701
36703
36753
36788
36798
36804
36825
36869
36897
36901
36917
36940
36946
36958
36973
37006
37038
37096
37106
37122
37194
37206
37213
37237
37280
37294
37354
37379
37396
37431
37433
37472
37493
37503
37537
37582
37610
37614
37622
37626
37691
37703
37720
37761
37800
37812
37826
37842
37847
37914
37933
37938
37948
37980
37985
37994
37998
38040
38042
38091
38112
38115
38126
38147
38153
38211
38216
38231
38248
38265
38283
38309
38329
38329
38333
38356
38391
38444
38487
38504
38539
38592
38616
38620
38640
38649
38661
38675
38716
38774
38789
38792
38813
38832
38846
38865
38886
38933
38959
38981
39036
39051
39051
39056
39086
39121
39145
39150
39206
39227
39269
39302
39334
39338
39361
39376
39427
39433
39484
39522
39525
39548
39572
39584
39600
39601
39672
39690
39746
39748
39762
39778
39806
39826
39838
39843
39883
39917
39934
39935
39937
39982
40014
40045
40068
40086
40142
40148
40153
40163
40209
40252
40301
40313
40317
40358
40367
40372
40373
40381
40419
40422
40449
40455
40461
40478
40489
40489
40503
40527
40542
40545
40560
40579
40593
40608
40614
40629
40661
40698
40723
40748
40776
40805
40816
40817
40860
40890
40904
40958
40985
40999
41052
41055
41144
41148
41200
41226
41250
41268
41270
41285
41291
41320
41325
41351
41400
41402
41439
41448
41465
41524
41528
41536
41564
41580
41649
41656
41720
41729
41802
41823
41830
41852
41862
41906
41928
41943
42001
42031
42065
42117
42131
42151
42180
42190
42190
42240
42259
42268
42294
42297
42303
42366
42379
42393
42398
42399
42413
42492
42498
42511
42532
42560
42584
42601
42624
42631
42686
42702
42703
42718
42744
42799
42808
42840
42896
42916
42962
42982
43014
43044
43049
43057
43059
43086
43134
43142
43160
43161
43203
43206
43224
43233
43297
43297
43298
43316
43369
43393
43418
43421
43445
43450
43457
43497
43501
43548
43548
43592
43623
43623
43637
43659
43697
43699
43731
43796
43825
43843
43878
43887
43909
43943
43961
44013
44029
44064
44075
44126
44136
44190
44213
44269
44284
44340
44382
44425
44440
44509
44528
44590
44602
44607
44612
44615
44636
44669
44669
44720
44740
44755
44781
44790
44798
44853
44861
44909
44933
44984
45005
45009
45014
45039
45090
45094
45109
45130
45166
45188
45246
45284
45341
45364
45367
45444
45457
45481
45538
45561
45608
45638
45654
45693
45725
45745
45770
45823
45823
45892
45907
45940
45965
45986
46037
46047
46060
46090
46103
46117
46120
46133
46155
46187
46215
46225
46252
46280
46291
46304
46324
46345
46370
46404
46414
46416
46450
46458
46526
46527
46531
46612
46621
46645
46713
46734
46783
46829
46858
46878
46930
46955
46973
46975
46977
46979
46992
46996
47005
47026
47041
47091
47140
47170
47193
47219
47239
47288
47291
47309
47375
47379
47398
47426
47434
47462
47516
47531
47552
47599
47630
47635
47671
47696
47705
47757
47758
47779
47836
47855
47863
47869
47881
47918
47949
48009
48025
48049
48065
48086
48099
48114
48124
48134
48149
48195
48202
48215
48236
48270
48274
48298
48351
48386
48388
48389
48429
48432
48459
48465
48470
48476
48483
48550
48553
48585
48639
48684
48721
48760
48790
48851
48857
48877
48881
48913
48939
48974
49001
49006
49040
49052
49089
49103
49146
49165
49244
49257
49308
49311
49335
49362
49417
49457
49485
49531
49543
49555
49593
49611
49645
49658
49710
49725
49726
49741
49744
49759
49806
49809
49814
49862
49895
49901
49947
49974
50027
50032
50070
50096
50127
50147
50183
50193
50227
50253
50296
50321
50344
50392
50399
50456
50460
50462
50506
50526
50550
50568
50601
50644
50644
50661
50667
50671
50684
50751
50763
50766
50792
50836
50854
50906
50912
50943
50977
50977
50981
50993
50999
51042
51065
51069
51128
51141
51150
51220
51239
51279
51316
51351
51374
51387
51405
51420
51438
51459
51473
51479
51509
51534
51563
51580
51588
51602
51651
51678
51683
51695
51725
51773
51806
51811
51812
51825
51828
51833
51872
51881
51906
51930
51957
51962
52041
52046
52091
52094
52134
52138
52176
52204
52209
52220
52266
52275
52287
52288
52307
52314
52359
52377
52421
52421
52468
52498
52509
52556
52591
52653
52676
52713
52723
52767
52770
52805
52822
52825
52846
52846
52864
52890
52923
52928
52947
52968
52970
53026
53027
53096
53110
53149
53161
53183
53186
53211
53213
53227
53276
53276
53331
53366
53399
53401
53414
53431
53434
53481
53501
53566
53574
53638
53648
53670
53707
53707
53724
53732
53781
53791
53836
53875
53879
53953
53974
54002
54026
54033
54062
54096
54124
54127
54148
54158
54162
54164
54222
54232
54279
54312
54343
54381
54398
54421
54425
54428
54440
54442
54445
54446
54474
54494
54501
54514
54516
54551
54606
54627
54703
54712
54726
54726
54764
54793
54813
54855
54860
54871
54885
54919
54920
54982
54992
55062
55067
55109
55121
55123
55191
55220
55266
55305
55307
55352
55354
55391
55402
55412
55445
55473
55510
55541
55601
55640
55659
55684
55691
55729
55730
55747
55757
55774
55824
55832
55841
55854
55866
55888
55937
55947
55997
56022
56063
56085
56122
56127
56148
56166
56167
56193
56240
56259
56273
56307
56307
56344
56353
56412
56434
56485
56488
56544
56548
56611
56611
56648
56651
56675
56724
56729
56820
56823
56848
56888
56893
56943
56979
57029
57037
57047
57076
57124
57151
57186
57200
57222
57243
57276
57296
57300
57313
57381
57402
57424
57426
57436
57449
57472
57534
57559
57576
57576
57615
57617
57648
57675
57692
57710
57721
57750
57790
57805
57836
57866
57890
57921
57930
57934
57953
58027
58028
58037
58063
58092
58121
58122
58172
58174
58216
58218
58231
58234
58270
58329
58350
58352
58397
58406
58445
58450
58524
58538
58560
58571
58590
58622
58629
58646
58662
58687
58688
58725
58744
58824
58830
58847
58861
58905
58954
58963
58973
59018
59063
59071
59100
59145
59168
59211
59216
59222
59244
59247
59284
59314
59315
59342
59356
59385
59398
59429
59449
59471
59494
59505
59538
59584
59590
59671
59672
59688
59712
59754
59758
59771
59793
59800
59814
59822
59847
59881
59916
59920
59968
59983
60024
60040
60084
60122
60129
60148
60203
60207
60255
60273
60339
60363
60373
60388
60414
60418
60421
60426
60427
60450
60496
60496
60519
60521
60541
60555
60580
60638
60646
60669
60738
60740
60808
60829
60848
60861
60869
60898
60924
60962
61017
61034
61049
61100
61110
61142
61163
61228
61230
61257
61258
61294
61304
61355
61359
61442
61444
61490
61499
61502
61541
61571
61579
61623
61627
61637
61642
61680
61684
61714
61730
61738
61784
61809
61812
61865
61891
61894
61895
61975
61976
62046
62046
62103
62104
62122
62173
62190
62203
62284
62285
62337
62374
62407
62453
62458
62530
62554
62583
62586
62595
62611
62629
62670
62697
62704
62753
62773
62795
62840
62892
62927
62949
62960
63001
63046
63058
63094
63124
63136
63145
63149
63187
63210
63227
63243
63317
63323
63346
63367
63405
63423
63427
63455
63455
63515
63544
63553
63562
63588
63603
63671
63702
63748
63751
63758
63770
63798
63803
63831
63854
63899
63907
63964
63983
64030
64045
64062
64116
64116
64122
64150
64195
64196
64208
64230
64275
64315
64322
64323
64403
64414
64456
64456
64541
64554
64554
64559
64595
64607
64624
64639
64666
64679
64724
64740
64756
64799
64826
64851
64865
64871
64894
64923
64929
64929
64932
64955
64964
64983
64993
65027
65033
65034
65041
65092
65121
65190
65196
65212
65232
65283
65311
65362
65372
65418
65428
65454
65492
65540
65553
65561
65594
65636
65666
65668
65728
65739
65740
65804
65806
65823
65827
65873
65913
65958
65975
65990
66019
66057
66063
66080
66093
66107
66131
66195
66214
66268
66289
66294
66299
66306
66334
66340
66344
66377
66435
66441
66464
66471
66513
66531
66538
66563
66568
66576
66597
66663
66685
66694
66749
66804
66877
66939
66987
66992
67062
67137
67190
67257
67316
67340
67347
67392
67430
67520
67602
67654
67684
67691
67722
67764
67805
67825
67883
67906
67993
68077
68106
68140
68146
68239
68328
68359
68366
68456
68544
68622
68687
68781
68878
68902
68972
68976
68998
69059
69105
69161
69226
69254
69317
69413
69483
69539
69608
69689
69769
69825
69890
69951
69994
70017
70023
70107
70113
70126
70200
70247
70290
70381
70474
70566
70634
70697
70794
70836
70912
71007
71105
71147
71171
71232
71322
71368
71385
71444
71471
71520
71588
71632
71694
71705
71724
71792
71887
71913
71947
72017
72042
72071
72084
72102
72124
72157
72238
72309
72384
72394
72460
72533
72585
72627
72713
72755
72844
72900
72902
72970
73027
73097
73110
73130
73211
73243
73331
73359
73369
73443
73541
73576
73580
73644
73649
73675
73772
73811
73908
73981
74030
74045
74143
74144
74154
74239
74282
74381
74422
74519
74586
74684
74703
74735
74805
74857
74922
74981
75062
75089
75122
75153
75216
75253
75300
75368
75383
75428
75487
75551
75621
75629
75709
75777
75786
75876
75881
75886
75927
76025
76079
76139
76188
76214
76307
76326
76404
76462
76492
76503
76588
76604
76699
76699
76752
76794
76815
76836
76875
76955
77040
77049
77138
77155
77185
77235
77294
77329
77384
77384
77470
77532
77593
77628
77716
77722
77776
77794
77810
77847
77877
77878
77931
78008
78062
78120
78139
78166
78245
78256
78315
78332
78352
78352
78386
78388
78439
78533
78623
78681
78727
78803
78823
78882
78893
78901
78966
78983
79010
79091
79145
79154
79189
79196
79282
79323
79389
79446
79514
79611
79679
79758
79772
79813
79893
79894
79937
79968
80015
80100
80189
80282
80343
80405
80410
80434
80456
80526
80620
80621
80625
80625
80635
80726
80786
80834
80866
80944
81002
81054
81129
81155
81186
81228
81247
81310
81353
81368
81462
81552
81552
81588
81623
81637
81735
81775
81813
81885
81948
82032
82106
82173
82258
82294
82304
82349
82386
82428
82451
82546
82592
82642
82715
82744
82836
82929
83022
83057
83065
83104
83181
83189
83264
83277
83299
83324
83377
83390
83488
83556
83605
83629
83664
83698
83710
83755
83786
83835
83874
83928
83972
84009
84066
84136
84203
84252
84315
84327
84364
84435
84486
84552
84583
84662
84741
84747
84751
84836
84907
84961
85014
85034
85112
85153
85160
85203
85241
85279
85371
85401
85494
85583
85650
85700
85759
85845
85896
85918
85968
86008
86053
86055
86062
86090
86171
86257
86343
86380
86403
86460
86552
86581
86611
86633
86703
86740
86805
86865
86940
86950
87040
87060
87159
87169
87191
87249
87297
87371
87403
87502
87516
87545
87598
87619
87628
87662
87722
87818
87889
87924
87929
87944
88008
88095
88185
88271
88295
88350
88397
88449
88466
88555
88627
88643
88694
88789
88815
88815
88836
88846
88897
88932
89023
89027
89036
89037
89127
89148
89197
89210
89266
89272
89353
89374
89468
89539
89546
89616
89694
89700
89722
89818
89914
90009
90073
90172
90214
90305
90356
90419
90472
90474
90524
90569
90627
90638
90736
90784
90816
90915
90929
90970
90975
91070
91084
91135
91201
91274
91296
91392
91472
91568
91660
91688
91779
91836
91863
91948
91948
92027
92027
92080
92113
92164
92214
92306
92320
92368
92460
92559
92606
92612
92652
92705
92706
92712
92768
92787
92866
92944
92960
93019
93094
93102
93141
93159
93176
93243
93247
93264
93362
93418
93441
93472
93479
93552
93627
93701
93723
93791
93864
93933
94007
94072
94146
94174
94245
94276
94323
94373
94434
94497
94559
94647
94719
94720
94727
94768
94788
94851
94910
94980
94999
95033
95087
95166
95173
95202
95255
95336
95385
95463
95514
95538
95581
95658
95662
95728
95788
95839
95907
95981
95996
96026
96088
96127
96211
96280
96360
96364
96448
96539
96566
96622
96647
96728
96763
96848
96910
96950
97016
97028
97098
97167
97255
97320
97419
97511
97542
97601
97644
97743
97776
97786
97868
97964
98013
98079
98096
98178
98200
98254
98279
98328
98338
98389
98471
98568
98656
98701
98790
98844
98901
98912
98988
99033
99109
99184
99273
99332
99418
99450
99460
99480
99523
99615
99683
99727
99737
99774
99800
99833
99924
99976
100010
100063
100118
100187
100189
100232
100246
100289
100338
100361
100415
100440
100460
100490
100542
100551
100640
100679
100772
100772
100783
100871
100915
100946
100979
101034
101102
101161
101201
101213
101276
101302
101319
101337
101432
101452
101465
101526
101589
101604
101640
101658
101750
101758
101758
101803
101872
101914
101950
102013
102107
102154
102205
102243
102321
102357
102402
102500
102548
102585
102595
102606
102670
102750
102832
102843
102843
102938
102963
102978
103040
103053
103138
103193
103215
103253
103305
103396
103476
103564
103570
103644
103731
103741
103805
103870
103916
103978
103993
104087
104186
104212
104270
104285
104291
104331
104410
104468
104555
104611
104636
104686
104755
104766
104823
104914
104963
104972
105007
105088
105137
105178
105233
105269
105272
105343
105396
105446
105479
105547
105643
105728
105774
105780
105780
105832
105878
105909
105971
106057
106144
106232
106268
106325
106376
106421
106421
106421
106475
106562
106643
106698
106779
106867
106958
107042
107053
107149
107235
107280
107344
107379
107461
107472
107513
107547
107562
107602
107668
107698
107724
107729
107747
107761
107823
107892
107951
107966
107987
108052
108054
108108
108128
108163
108257
108320
108340
108345
108404
108462
108464
108539
108632
108668
108754
108841
108912
108966
108993
109030
109114
109167
109209
109211
109278
109335
109358
109436
109460
109556
109651
109729
109731
109746
109760
109808
109838
109924
109929
109970
110014
110022
110038
110128
110172
110175
110252
110319
110328
110332
110336
110429
110438
110537
110584
110612
110620
110642
110648
110732
110750
110751
110813
110885
110953
110981
111001
111051
111117
111142
111233
111244
111329
111336
111389
111471
111533
111563
111612
111683
111769
111775
111839
111934
111939
111950
111973
112038
112071
112152
112201
112204
112238
112301
112328
112330
112374
112421
112425
112435
112460
112555
112628
112638
112640
112666
112710
112727
112783
112877
112965
113007
113007
113012
113101
113158
113226
113238
113312
113366
113411
113434
113443
113522
113560
113597
113630
113712
113748
113785
113830
113891
113975
113993
114017
114056
114101
114169
114225
114278
114292
114388
114436
114450
114451
114488
114511
114533
114535
114632
114708
114755
114827
114912
114991
115002
115024
115036
115081
115092
115094
115136
115208
115294
115355
115403
115428
115434
115451
115484
115495
115526
115556
115615
115713
115796
115893
115914
115971
116070
116089
116122
116220
116263
116334
116411
116465
116510
116552
116604
116660
116704
116798
116879
116961
116968
116997
117057
117122
117220
117313
117390
117472
117547
117583
117663
117674
117707
117760
117828
117912
117936
117990
118025
118093
118118
118130
118204
118274
118280
118306
118333
118335
118408
118416
118501
118581
118670
118767
118865
118953
118995
119070
119140
119158
119169
119219
119300
119397
119452
119501
119534
119614
119669
119737
119785
119865
119946
119968
119971
120010
120011
120093
120135
120161
120203
120282
120340
120371
120447
120503
120522
120540
120571
120660
120748
120843
120934
120955
121047
121146
121169
121194
121273
121351
121445
121472
121531
121558
121559
121621
121687
121689
121785
121845
121873
121911
121950
121989
122058
122073
122168
122209
122243
122270
122300
122374
122396
122470
122566
122632
122705
122724
122815
122819
122916
122953
122984
122992
123008
123092
123114
123149
123236
123254
123349
123416
123472
123507
123513
123539
123589
123643
123662
123698
123779
123828
123891
123946
124021
124080
124153
124153
124183
124199
124203
124282
124336
124423
124511
124533
124605
124667
124724
124735
124816
124821
124851
124888
124928
125017
125032
125074
125117
125151
125182
125258
125294
125388
125471
125534
125539
125595
125611
125698
125770
125842
125908
125986
126046
126052
126053
126137
126206
126216
126311
126361
126376
126453
126492
126547
126613
126620
126670
126679
126772
126853
126890
126971
126998
127018
127115
127147
127223
127236
127255
127304
127389
127426
127505
127602
127646
127726
127807
127872
127963
127991
128058
128064
128070
128128
128142
128214
128231
128295
128329
128340
128437
128508
128552
128576
128620
128661
128717
128737
128743
128770
128791
128835
128851
128852
128893
128905
128938
129013
129090
129114
129117
129213
129296
129305
129360
129409
129443
129515
129528
129596
129631
129641
129732
129812
129846
129933
130006
130048
130108
130140
130161
130242
130318
130407
130441
130510
130512
130532
130576
130607
130703
130751
130779
130858
130867
130950
130978
131021
131028
131121
131184
131227
131282
131289
131312
131353
131447
131495
131530
131584
131664
131720
131808
131864
131910
131984
132062
132062
132156
132178
132209
132300
132370
132381
132403
132435
132529
132532
132607
132609
132657
132748
132845
132849
132947
133019
133064
133108
133128
133209
133308
133309
133398
133437
133446
133533
133546
133633
133720
133780
133842
133913
133916
134000
134082
134107
134123
134152
134232
134324
134407
134436
134471
134551
134584
134669
134721
134751
134780
134804
134815
134843
134868
134921
134940
135027
135067
135100
135126
135206
135251
135339
135390
135438
135511
135596
135669
135710
135724
135778
135863
135912
135995
136015
136044
136112
136117
136150
136248
136283
136341
136403
136418
136453
136468
136503
136525
136580
136600
136601
136636
136701
136742
136780
136845
136911
136935
136973
136981
137019
137063
137156
137244
137323
137337
137406
137453
137524
137527
137625
137683
137696
137756
137830
137878
137953
138014
138037
138119
138152
138176
138246
138296
138313
138321
138336
138420
138452
138457
138501
138524
138526
138563
138626
138707
138710
138794
138875
138950
138989
139020
139053
139105
139196
139255
139256
139274
139346
139422
139474
139479
139531
139553
139608
139677
139708
139730
139735
139750
139778
139827
139917
139947
139986
139991
140054
140096
140186
140282
140351
140380
140407
140462
140496
140566
140580
140667
140707
140794
140857
140950
141042
141109
141176
141176
141264
141314
141336
141430
141448
141450
141545
141553
141637
141671
141685
141685
141762
141818
141914
142012
142049
142125
142178
142249
142347
142415
142425
142516
142523
142548
142632
142683
142775
142826
142829
142910
142964
142990
143017
143089
143169
143191
143271
143336
143393
143439
143456
143542
143596
143609
143693
143785
143826
143916
143931
144023
144033
144111
144194
144211
144214
144281
144349
144397
144467
144539
144568
144644
144694
144750
