81A9A929A9B21B3329332893B2921B28889333BA
C9EC4DACD6DBB73A1E1BB7685BF32C97F77281EC
5ED7B6C441E4D21E9F36D2853E5336C972936964
96C1E1733B72532D6C817369B7A88845285B3F3A
5A4169BBAC13BB372D692896C16D769217AC9684
968136C44D3A4D3B25B7A5E8489F3B7BBB6CD2C8
497213F3B61E172D28525A561ECC85244C9641F6
9F3288C1E88488168C81AD288CC561B3365B32D2
4C9BFE417F7AD721EDE1772D77728173A9B73B7A
964C4521B7257A1B765B288C81A8C1B376D3A416
5A97BA92D21A1F2C1A8DAD6DE965F3692161E93A
97F2CD7241B6968DAC564DAC4D217217B2936DA4
497A4D29297B7376CD21AC4D3613333BFA5A8C52
85248C972C9689A1E53AD72481B3A936C49F7E1A
C1A9657B2CC8C4C1733FE1B3E1E16DA1F3E49696
DACDA9ADAC5F72C81A8C5A4173F29E525252C85A
CD76C4CCD68C937F257E97A8137A44928933E5B6
CC1A53EC53E569B688965A45BA1F217BEC8173FA
4D25A857A8528CDB7ED3AC92CDA5BA845EC8924C
17B36C884D3256452C49ECD24C5B645A1F7E5B24
9B6925E5B61B3A932C1E4D61A5A493BFB6961FA8
C417A961E92497E8968DADBADAD372CCC9732C56
D3BBE5BB7FBBE97FE176444D65F29B64CD3B3FA8
D244DA452CC4CD24DA9321BFA9684C92C41E16DE
4133641336524521657332444536176161372164
