0
1
2
3
0
5
6
7
8
9
10
11
12
13
14
15
7
0
9
19
20
9
15
5
24
15
5
27
28
7
10
24
9
6
20
35
9
20
15
39
35
41
0
43
11
14
46
43
39
5
19
10
20
5
54
5
54
28
5
2
11
61
5
12
7
20
35
11
35
3
54
19
54
6
54
27
8
43
6
14
11
3
14
20
3
14
5
2
3
54
15
3
92
93
39
5
10
11
12
43
0
20
24
46
104
19
8
9
15
24
8
35
12
41
35
41
1
54
39
7
19
43
3
3
0
27
54
15
46
92
13
9
1
104
92
93
41
61
24
93
13
28
15
35
3
13
11
92
43
13
5
19
6
46
15
93
11
5
35
43
28
7
35
20
1
9
92
8
20
20
43
1
35
27
20
9
1
1
24
35
35
0
35
14
39
9
2
187
54
92
46
13
24
46
0
24
2
2
6
11
43
6
61
54
92
2
61
8
12
93
20
15
20
24
24
14
43
41
46
1
7
15
92
20
61
0
9
5
20
1
20
10
15
1
28
104
54
15
12
13
6
2
104
104
13
39
10
12
104
19
24
1
11
20
46
1
9
10
104
9
6
104
187
39
27
5
93
11
35
43
7
0
11
1
14
93
10
39
92
1
5
20
28
14
1
8
5
3
12
6
54
24
27
28
2
15
28
27
12
14
9
43
43
54
15
27
8
54
13
93
0
7
10
5
3
20
43
14
3
7
10
43
15
46
39
20
93
7
27
92
3
13
93
41
0
1
12
24
19
6
0
13
9
9
20
39
35
6
19
2
10
46
2
92
14
24
46
14
8
61
19
93
61
6
61
39
92
10
24
61
6
104
41
39
46
104
35
61
93
13
2
1
8
5
41
41
104
11
14
19
12
20
13
13
61
46
7
41
12
3
3
43
6
5
15
8
39
11
187
61
1
54
92
35
9
93
11
13
14
0
27
28
27
9
41
41
8
7
15
187
41
2
1
104
28
35
61
46
19
3
5
6
8
27
61
1
187
14
11
54
9
5
92
43
28
187
104
24
1
19
46
43
35
2
24
11
7
5
13
104
14
13
27
41
41
54
12
6
92
27
187
1
28
6
15
54
11
9
19
5
5
12
19
43
54
3
1
92
11
13
8
6
93
15
2
28
20
7
187
6
2
13
14
54
41
11
104
93
187
5
104
187
93
15
1
43
12
46
3
41
39
61
2
92
46
7
39
43
7
9
12
19
13
104
46
3
187
54
39
11
8
8
11
24
46
9
61
27
19
39
15
13
6
10
8
35
1
0
12
41
24
8
1
14
35
28
20
43
20
24
28
10
1
9
39
3
7
12
6
2
187
3
5
3
5
11
27
12
20
3
14
24
27
93
43
3
46
8
27
46
1
35
1
61
61
11
6
27
2
28
0
104
13
15
5
6
8
27
35
35
1
92
46
92
41
24
61
35
19
15
14
41
1
93
24
43
14
39
39
46
19
13
92
27
1
6
27
28
54
15
39
104
187
46
2
6
24
13
41
104
28
7
20
54
19
93
28
15
39
6
92
7
1
93
61
61
20
24
8
24
41
46
41
14
5
35
46
20
104
28
92
2
35
92
43
19
54
2
92
46
1
12
187
6
0
24
92
10
24
20
43
28
61
39
6
46
41
61
61
54
15
39
7
1
46
92
54
61
3
39
39
20
5
61
39
20
10
2
8
11
7
8
41
27
11
104
2
1
35
0
92
6
28
92
104
1
92
92
54
39
46
41
8
61
41
39
13
20
41
39
12
3
9
0
35
92
7
3
27
1
19
92
187
6
93
14
11
19
7
5
15
43
35
92
24
10
5
7
28
39
6
24
8
35
35
104
13
7
1
11
61
61
1
0
13
7
35
93
19
54
93
3
20
92
46
187
2
104
0
0
93
9
2
92
41
93
15
43
10
14
2
19
13
12
93
104
43
12
20
0
1
10
14
12
19
2
9
11
3
11
15
12
3
2
93
61
39
3
11
46
9
24
54
5
39
20
7
10
93
8
2
10
28
35
93
187
187
28
43
24
13
41
46
15
104
24
35
92
92
2
41
15
6
5
46
13
1
187
61
20
0
3
43
54
13
7
43
8
3
10
0
9
27
61
11
24
35
8
11
19
20
27
24
2
24
61
35
15
12
24
41
9
187
7
15
1
15
0
6
6
12
3
93
39
104
14
43
187
41
61
10
41
15
15
14
61
11
2
11
27
13
61
6
9
28
9
3
10
2
7
13
93
14
10
187
10
39
104
0
6
