0
1
2
3
4
3
6
7
8
7
10
11
12
13
14
15
15
10
12
19
11
10
22
23
24
25
12
7
28
29
30
7
32
33
13
30
36
37
38
14
25
3
29
7
30
30
22
47
0
23
14
15
12
22
2
24
37
1
19
32
30
61
23
47
1
25
61
67
32
36
14
15
24
3
6
61
15
15
29
61
2
0
67
83
2
2
38
1
33
22
33
24
2
7
32
25
37
25
29
10
67
14
14
1
32
4
14
4
19
1
1
67
29
32
61
2
30
19
36
4
14
13
19
14
36
25
47
8
1
25
10
1
47
47
24
10
61
28
28
22
38
10
14
14
3
25
14
83
10
15
4
15
6
4
67
61
67
22
14
61
12
0
14
36
22
30
37
7
25
67
61
37
15
24
29
24
28
24
83
38
13
36
25
36
14
38
36
83
1
19
6
4
15
4
29
19
3
23
47
6
7
36
61
8
15
29
37
23
38
1
8
38
37
38
36
30
36
24
13
2
13
67
67
25
32
38
38
32
19
37
6
32
38
67
23
38
14
29
61
15
23
8
15
33
3
4
4
11
1
23
38
2
47
4
38
3
4
61
6
33
37
15
61
3
38
67
23
14
67
23
24
28
30
1
10
29
28
24
2
4
14
14
22
11
61
25
83
23
19
83
19
14
38
25
28
3
15
10
33
3
8
15
4
36
12
61
24
47
0
37
10
12
15
67
2
7
4
61
23
28
19
38
36
0
61
67
19
15
3
61
13
36
3
61
2
28
36
2
36
23
13
6
38
10
7
4
19
12
15
33
8
3
2
3
37
6
25
37
37
6
33
37
25
38
1
25
2
13
1
47
47
0
33
22
36
23
10
13
4
10
32
7
38
30
36
3
11
1
1
13
37
6
8
30
6
28
32
8
14
24
38
25
29
47
37
67
37
14
8
0
19
10
29
11
2
12
32
6
19
1
2
28
4
33
10
4
14
22
37
38
29
22
33
38
19
33
0
23
11
11
32
6
6
33
10
0
32
83
37
28
6
36
83
1
12
23
11
33
47
12
1
47
2
83
0
22
3
8
36
30
13
67
11
11
11
0
22
33
22
0
12
23
37
11
0
3
12
67
47
47
2
13
8
0
25
25
13
13
30
0
11
83
6
28
7
0
24
10
29
33
22
12
15
0
11
32
67
25
32
47
67
3
30
23
2
33
13
12
22
83
30
13
47
36
10
19
8
19
22
37
13
22
61
32
67
67
67
30
29
47
36
0
8
13
25
29
3
61
33
19
38
6
30
6
25
33
33
47
28
28
12
15
1
67
67
15
36
36
0
47
8
3
37
67
24
12
4
2
12
25
22
38
28
37
10
67
32
23
10
8
83
11
6
3
83
19
3
30
32
11
33
23
13
36
1
2
25
1
47
12
67
23
2
4
10
7
8
8
8
1
29
67
8
15
37
4
83
4
23
14
8
36
15
19
67
24
67
29
14
10
12
10
24
23
24
12
15
2
61
6
36
29
37
10
25
22
24
14
32
4
13
10
29
36
30
23
11
8
23
2
38
3
8
24
8
4
23
61
19
7
24
30
8
61
61
13
83
22
19
67
19
33
3
13
22
10
11
32
0
12
6
10
13
29
30
19
4
3
19
22
36
8
67
83
37
67
11
7
29
25
83
23
10
23
33
15
47
2
33
23
10
1
19
36
4
19
28
22
33
32
14
83
67
47
24
8
83
22
6
83
24
0
29
30
6
33
36
22
32
19
32
28
33
11
24
25
6
32
24
23
22
28
61
15
61
24
83
6
28
32
36
0
2
36
28
19
61
24
33
25
37
24
37
0
10
4
4
36
61
1
10
22
30
13
19
12
29
6
10
14
28
1
24
83
38
0
10
19
2
29
25
2
10
30
4
38
7
24
22
6
11
22
37
36
11
24
7
10
19
7
15
13
38
3
67
19
13
4
15
25
33
33
12
37
4
2
3
83
1
0
32
8
13
6
30
83
32
19
38
23
7
24
11
8
29
25
2
23
11
23
0
14
28
29
29
6
30
3
8
3
37
22
12
36
13
36
83
30
14
28
7
33
83
12
7
7
24
14
37
1
25
29
0
67
33
28
67
67
14
7
7
0
6
1
3
83
19
13
36
7
14
8
32
13
37
61
33
11
3
6
29
47
36
13
24
30
22
15
37
32
24
15
3
25
47
0
12
67
36
30
29
24
4
19
61
47
3
33
2
67
2
2
10
6
3
29
11
47
15
29
23
11
36
22
7
8
12
1
7
28
2
7
