133A89333293332813B3A8921A88813BA9321B3B3281A933A8
1A8C5F281B721BAD3B685FF2177F693E5FA81E1732C8DFA856
9E573F3E1F21A4DE1E1FAC4921AD2C8416DE1F2929656C561A
45B3B7A41F3368CC9616CD253ADF3769A9649E8C97329E813E
9A4161E137B3AC4C489ACD2885EC8924CD2165F7729B645B3E
4D29337B3A49EC96976DED36C84C5FBA573BBA53A16D332C9E
1E841B361616D65B681645B3F7B7ACC5B21ECC88C817BBAC4C
9769AC881A9AC92DB7A81AC968C976DA48964CCCDF3BEC561E
C93657FF2CCCCC1652D736C53E4489649E532C5F648C441B2C
CC813BED25E56C8933E9325B2481EDA9E521B61732C53A9E8C
565B36441A5B257E88CD21ADB2D256D65292D32893693E4CCC
813F293BB697A88DEDF69376D37A88489AD241B65BAC841EDE
C897A48C48D24DE44CC8C81AC936DFAD6DE13ADB36CCDBA5EC
CDE1E8DE8CD216D21656D68C4D3ACC5E96D33FE41ACCCCC1E4
CCC1776D6CC93AC928936965A5A4C496D2C1ACC81E5F64D25A
D641A1A5B6D7A5EC1EC9AC88C9F2496168C17E5685AD324896
DB21FAD37AC9E8CD2D64D7FE565B3F328CC89692C8C53B2C5A
C41A4DF3AD64CD77241B724C932C9613F6CCD3F2D653BF2C1E
5B368CC16D324D281A1E888CD3B6D2885B65E8C9E888CC973E
17325641373325373737765772525377253245765657644136
