93BB329321A88933A81A93B3A9BB293281A133A93A81A93A88889213A9329332921A81A9A89289A9A89213A881A813A8889B29292813B3333BBA929BB2929BB293A13A93BA8928933A9293A921BA9BA13A9BA88933A1333B33B21B3BA1BA9321A9B2893A
496D3BFA92CC5FA977AC4968D6C5A5B2C9F3337F2C5ACD245ED773A1F7B2C13A53BFF2C4D6DAD6CC45E1A8DED2CDA1ED65E52D2C8D285A933645F24C5AD2C452C9F32C5A44D7A5FA977B61E5A84CC4D2176C4CC5B2529217285B3FACD2C57A88D6DBF616
8C961E45E977B645B257A52561E8C1FB6CC93A172D2D7733AC532972D2DB7A85BAC4525B7245E1FF32DB7ECC5ADE49F7B3733F37E5B696C9B329E9B725E972924C41AC1E136853E4C9A532DAD696C849333737F37BBBFA933E85A444C97BA57641E44928
CC481728C488C1A85292D21A81EC5ACC1E561E1A8D36133A5681AC1BE1E52D6845E889BE933A524DA1E41EC53F65BED2529A17285A5AC844D216D641A85FA1F29689E5BF3337A8417E5A9245F3F36DA41BBB2972164C4CD28C5AD329652C5A921B7337B6
572C1BBFF36D68CC88C9733F68D7AD6DAD21A5257FB3B3ADA8C8DE8449728D3733657EC5688C13B6536884413FA84C49336C889685ADE53AD3B373BB7F2C41FB61F65B6DA892573B3FA561BAC97A1E489E452C9321BF24C8D696C8961A16977A849A81FA
9B3E96CC5B2C1FECCD7E93A41F616C164C1AC9333EC848D65F7EC5733613EC89BB32165BADE488D2921FF3BA84CC852C1337E57B68DE521E41E888452D25B364137A841E45F3B3A5245B28CCCD2C17B7E5A93773A1E488CCDB697E5A17B25A845A4C5B64
4DA4C8CC173684D7F68DE961A5B2173A97B6D681AC569FE13E85E9BA1BB2D65645B3B284D6C85F725B3EC84CD25F69B69A9241AC964C89A5A9765E932D285B29289653A489E97253B3368DED6DA5324852D613A852DB7E456D24169733E81F72961E1F28
8C41F6C52929725AD2CC448973E9B32C52D24173F7A964C137697EC524D2C9333252DB7A417E9E9325AC561769AD2C416D7332D6C13F76C9E4813E53A48C97AC85F21BE1FE4C1BA85292C445AC5329AC92DA9BFFA1E496881E9A92C81B6D25B3F3BFB61E
DF3BE169A5B7321E485729F688564136817B281B7A441B7B292C1649A85376133BA1E41681ACCCC929653B288C45A5BA173A9B73E925BA564973ADA97B7EDAD65361AC484C1FA45E88D2C1BB653324D7FA444C4C5372D3EDB7E57ACC8D25A8C968C4413E
441E489E49F3A89F361A165B6D333A1BFA8DBFA52529AC8DB7A41B3E453BBA933EDB73A8C8DE4CDFB721B72DF7A1F2C493ADEDA17FB245B28D28D65FA5244449B3BAC5BE8496481ED761F36DBB3B3AD245292D241BA8D2C4D2529645EC9B76CD2CC933B6
92841F65B6D25E45B2973325B7292D2CC5E4CCC9289E445E52D3248DA1A44C41B64413F77765AC44D293FBAC496968C841ECCC41A441A85B65364136DA1A1B3E4164D24D7249A5B653A1E89E4C172DE9A1B7B733BECCD2D2C81BE9B2C56DA96D257681FA
C1E137A848D285A9F253B29BE1B6972CC1E164C53F6D21B721E1B2CC5373AD3AC89321721A89ED21F252444C97B737773364CD3ADA1BEDBE93BB2921E5A5A48C81BADBAD289E49F33B7A5ECC17289E4C41E161B3E4565AC1F72444D361B6D72C929BF2C4
537B28CC8CC9697E53BB7B6CC17B7A96DAC81A4137A5BB681B68D2D61B33FE1657729A888D645F217BA88936C97321BB281BE48D65A4D64D69E48C8849F3696D6845E4D61F65B6C1A5AD3E4C9BB6C5BF21FB296169BB2CD2DBA13ADBBA41FB24DB645B68
9BBE8C5F6CC53E1F3AC52524C9368C41ECDF3FB328C84C17B69768C81E1AC5B288936D65F7A92C8936CD6C88CC93B2C49696D36C93E8D217A441FEC5365B3F3737B3E96137A848D2C84D2D2444DA48C5336416813E4DA4C1E45297E4CC89E5284DA88DBE
444CCD2D2573A5A41E529333E533EC9364CD2C49365F2DB2DBF2857E8DA572C1ECC137A168D61E5FA177257645F25AC1F3FA521E48D77A1B7B284C5A9B2C97B213F245A892CC85E85F24841A9AC49F7A1A8813E9248C52D37BA972524CC4C89616CC5E44
93B657A48893617A84924932C1A84453A84DAC96133E8C41E45AD32CCCC929617EC13A481FF3B7ACC13A9BB293E88569684DA81685FBA41F2DB7A5B6CD2CD2C81BE1A85772DF617F2C9AD3ADECD3E4968C5FBBFFA85F3BE92456889A176177E92845A53A
C1721ADAD7E89285617A8C92DAD7281A572C4DFB21B76D28481EDA1656CC8D2936DBADAD245A49F6DA9E44DA496D721F36165F28C164C1361E48D25BEC96C84D365ACDA9216D281F2CC4C85EC56852C96C1E4C44CC16164D21B365E493289B6DBFA97A1E
D21A976C48C5E85B33A577E965E92D2C929696CD32413F2C1FACC481B2CCDF2D3A4C5E5F281E1649E44DB2C52D3E929E92813FA5FB3AD3BA97AC48164D72C5A529ACD65F33253E172D69E536528D33E5AC97ADBACDB3333E1B6933E8DA976D3ECCCD2416
C13F681E8DFBE5AD3A413BFE13F61F25E1E969641A1B3F368C57685A5ACC4485A52496961FB73296481E52D3B68CC8C5725A8C41652D724449F7A53A1FB248DB24DE5A1FA13B25328D24DA813BEC81737E52C4CC4C48813F3E1E81776D681616C4CC8928
C137253F6CC453FE1E881E4521733F3AC8452C1A9E972D325FB32D3FAD769369F32961733E5293E9BF372161E1777E5A81A5E5A813B7BA9B3E49721F3E528D6D2845AD24413E1A885F324561A45EC89B37BAC84C9F2C53B7253EC89A8DB7A1BB6845F68C
DA1B3285B6D332CD2DF684813BB3B7ADF61A1E8D6D729E9216489FA45F3BE8965B3F321A969248DEC4929A89F3B324845373FA561AD24445252C89AD2C89EC972C925613A9369F6C9F3BA929681F7EC41B645FAC4537B2521A1F7ECD76DAD2449E1A5B6C
CD3732DB617A1BE5AC49FAD3B6C169E4D29696D61FB2CC5B32176CC8848C4C49AC973B25E97BBEC4497B64D652481BE13A92C41A177A1B28933E5EC4177E44D3ADE8893BFFA96536448C5E97BFB696DA173A16C5B3217293BFB69645B2CC49336D3685AC
C53A8164813724D24C844DE1696884D241F37B61ACDAC49F213B24D6C97E9E84CCD28413E416C573AC9E9AC9289F2C5BBFFAD21E81A417BEC81736C93B3FA17AD64DFE1E44D7A9281BF7A5F2CCC1E84C888C81E8DB3B29F2CCC1E1B2524C853A8C9AC8CC
41ACC1BAD3289B7217F28CC885AC53E1A841B728D6445365213F3241EC8C45E1F6D36921FA817329764CC5FE1F6D2524C44CD3B773733245EC889B6C168CC8965B2C452DBA52DF253E496961E4C9EDAD765F61EC4C1FB64964D249728925F3AC5E4CC5F6
1AD77A4D721F649A8161E4C5E8569A5BE5A8D21FE9213A889A9E81BADE5693725A5A1F3A45613B3F3A8448449725BB325BACC8C1BB3B2813F7F64C853B64C5E8168C1A16C5A96C13A52C97A168CC564C1A97A845368CDA1F2853B7336C9B72DE1E1F7AD2
857A1617B3B688C5F29369E1EC1BE416DA57E13ECD3A17F76CC453E5EC1A5B21A5A5248C9213ADAD24DA1FB2481B6D3A8CC4565BED2D369B6973ADE925A968DF337F3692496D2528D3BEC9681765B28485F245B3A9F644173FA841BB3765216497B685E8
53AD3B3A48DAD7E9FA5A8C49F7A4533A4481681E5E1F285BA56889F245253E13E1F3296D6881F64533E524DA8C84841FE4C1A9244D2D3ACC97324C4C13E417ED21AD33692C9729BEC84C4D3FA9B2DB7A5B6892496C5A13A9244C9A4C813B329A52D25A56
9AC41E1E1EC57AC4452D6D2C485A88972973372C1E9FB7ACC92DF6C892133FBAC85B3F369F7249BBA8413B6565FAC89648D37E89A4161FE45289AD2C93E893E5B25681A5B6492C45EC84968444C1E525252CD2972C8DBBFFB32CC5257BBE924D21FA8C92
4DE88417A5613EC881B6968DAD256DFB25BBA8168444D244D7AC52577333244D6C8C97B24533A4C45F2897BB21657FFB25E13F7641B3365B285EDE1F616C5A5A5332DB72D3253721F7F248D21AC17333A9ACC1FB24D64C44C9AD613B3E45FB2D284D65E8
965F7A1AD3B33E5F617B7376CD21A445B244573AD289FB3B61F733A133B292173ECCD2493BA972D3A5AD69E49281B6C52852853A9253A1BE8DB6C48D21B6852DB3A96529F33293BB616937F21F69321AD65F7ACDA9732DBAC45E8884972165AC8C9F32CC
C1AC1E9F6973249693B689A1E53AD3217B288885F25E4C849A53A8C1BADAD213ACD6C89E845FB241E97724C853F249F337B3E92CD29B68C4D6D25ACD2973F284C165A93E493B7ACC933F32413F3FB3B77A85A5E44413A4CC41AC5FF2DA1A1377EDE48976
5ACC164C9E1A897249E8C4C1733FE1A9B69ECC5BF217A561E489ED7B65EDE9336D7245ECDA1EDBB245A8885613F324532169772D7AC52561E9F21ECDA493E173613AD7252C169645729E81B3B616C85A16C9685A93BBF245A8D724C9E53689A8C4537E88
856DA9A44536D7BA845F72DBBA8C5A56DA45E536C1A172137B6C44841BE4D6881FB2884CC496C4C81BED769BA9E1B33A81ADB3BE1F733BA8C45BA5EC5AD2C8889BA5FB21AD217A89A845685A5A88561E817FAC1FFACC481A57FB21F6C928D6D6D21A177E
D29EC4C1A1A9E8C5E81E9244C45E97A9641B6888D373333BAD3F297A845AD2CD3E52D724D3FA5257B65FA844D648C8977A5EC164853B24564924C857ACDACCDE4C5B6D21F7B2845E56892D37AC5F3217E1B65F2C4CC48D25B3EC897257AC48C973369BB6
C96448C968D64572CD25F281E8965A4DBBA53E5ED28133365FADB72CD3B641FF25B2DBB2C8CC133A49B6453BE137ECD3A5245B325A8DB28137B2D7B24CCC5ECC1685A413F2DB7A85A9F7AD216D25BA88D2C137241648D7BA5AC56DA9A16C8D7E93A8C4D2
DE1BB6CC1F68888977216853F6532C84445BB61ED2D28813AC4C492448D3A1E49B73ECD2CCC49A8C1EC1A92CC8924569E1A92D289FE4DB7A81F24848976DADE528D3E9A841E52568D6C1E5321F3A4C5F7A5A1B33A88561E49E5A9656C897F68DE96C525A
C52C5ACDB68CCD7E93A1BF3A53BA9ED29A96488D72D2C5BAC5AD2C9337E8525245A964C9764964CC96D36DA4D76881A4D2CDADA5EC41E5A573F337BE532C4CC137F2D65FB37BA817E1E8C813B6848DB6172525A977E1BADAC496D21ACC5AD2CCC41E1A16
C88C965652D7F68DE9684DA4936DED616D7A8C5FB253F24D616C17E9BA5E9A813AC532CD3325B3F7E1689E49F33F61E1E9765653EC9ADA4813E9B2441A8D245281E17B245216D61A41EC561AD2D3F65B328892C52161ED6DE9E8D336CD3E485653ADBF3A
D6C4DA1A925AD2CC449E8C41FA8CC5BA9F25F7ACDBA1F3AC13A528DEC524C5729FF2936D3292C968D21F65B6C817BB6965A1B3284D644C1E8164D332857FA929F2C1B7B2921BF33681F7A13FF241F285A85ED361B3A84C9E44565289649F368813644C1E
537AC48CD33E4857A8CDFF3B6CC4C16D64817A5E4441E8CC137BBECC413AD332CCC1E89692C8C5364137A848CC81653E1AD36885A53217B7E13ADBBAD3B6D73E5241F2DB7A84413BFB68D3AC493B72C84DBEC92169FE164C89A13AC49365B2DE93A9AD24
928DE1F7693F3688D6444C1E8CC9E1B732D297AD289A4DFE1A16C56C893FE1BB6C417EC97ACC5B3B3BBACC17F7721BB61ED28C5BE1B33AC17297E4CCC16968161A88C1E52D721B3ECC8C52448C1F33761E445E81AC4C813F76C1BFF241A9F24D61EC4DA8
5ADE4173AC85B2CD61B2841765E4DA4929F252C41E4DBEC4972161BF7F2CD36496888C4417ED2C8524C57F2968881E492D685E8CC1E937FBA972524C49373E889657697A85A925ACCD6DA881F72DA81B2D333FE9768CC925BA52C44921FE5B2D21E536DE
1F6DA928CD69696C1A53F29BA961E497A45A93FA8DAC44C8DBA93365241E5A9AD25FEC8813E5A5721BE937248DEC9725AD3725FE416C1A445681A8968533A5F6C1B3361F68CC81ECCD2C5EC8C8845F3F369A1EC5BAC45F21E5B37337216C8C961B721B64
8496CC96C48C1F241F33E1E4C488C968489649E564CC81ECCCCD29B293368CC5729E56DF3B737A89B6449A8856CCDBA9773A1365BBBF37A1A96177FB61BBE8D3E1F213B69777E9E4CDBE97F77FF28C97A1E5A4D24CD28C1AC85B28929B376D689693BFBA
5AC1657B72573F3BBE9BE1725B764D2537FB2C5A81F6D3F6CC57A4D248137EC892441ACDA48897FE413B64CC1BF6CCCD2897289A4C45A8485F293B6D32C456C1E1F2816841B2C44164C4525A16D25E5AD249696885F36DAD6D3E96C8CC92841FE1E84444
977BB3BFA1B3B68C4C4C5A9A969BA5B293E4852CC848525BE41AC1F337B3A4C57BA9B764D2C5F24DA1B6137F36C8CC57B6C88C4D3693ED2C9E1E1617324888485B68D21FA1F2D21B28C9A925284896845A97B737E8C1A4D69F2D61F764C17BA4D2D72892
521649E4C8C168D61616964D73EC53617253E897FF253A16C9A573F3284969728C4C53A853E17A164969289721E5E5A8417E5F372972D61F6C8C93A93BB76D37AD3653B648C9733F3644D7332C8CC1E924C969A976C1FAC84C17B2521A5A16D3725A1EC8
929A1649765BAC529A9B7A9FB245B29A8892D768C5292DB24CD33B69B7368D29EDB73A5F216925213E8C96C881E8C977A81E16813FB2C9AD24D6C85E1ED33729F681A8C92D7E9324928173A1A5ECC8D732CD245F3B7ACC45361B7B281FAD3A49213E1FFE
D3E493BE1A965FA1ECC52D64481B7ACDE5F2C88D69A536DB24521616D3A1ED36C45A1F252937BB21ACD6D3F653F6C49A57A48173BED2C45F32C845368441BB24C1FB6D65B68DE9285B73297AC1F7F773B2453217A4976DA133372DB7A45E8417A88DB644
41E161EC8CD2165A45E1B7321E1E856CC8C1E5EC8CD321E53BA813A8C852D61369B7249BAC13E4817F7248D33253616C1AD3689A4C4169BFB25689B2C8884DA8C1ED2C1B69ECCC17BF21A5A5F37A5A13689BA89A525A1E4933281E52D296D3217ECCC892
88C813656C41A1BE81E8413A9617E9B656DB69777E5B337A165F32D6573A5A1A964888C44D217373A5B325FA9B21BBB7ADF28DE49733B64CDA13ECD37FED2C45F36D361E1E56CD29653B61685284969BA5E456C5BBAC1685A92C973A5368C889A5ECCCDA
CCDE889337B37AC5697E8937E81ACC49A1E5A529A485332D3217297B21A5A485FBBEDF7BB721A13B72C1B2CD65A9E4524C41F65B693A49364481E45B244C1F3B6924133E9681F69E1A8DA9AD32C9E84C4173A17AC44DB36177ACC9AC93A5FF76C1FE5ECC
CDECC573285A16D21F2CD7A84C17E536C8C1F33E52C8889733B21E841AD25AD24444441ED3BAD28D2968C965B2D6493284137A84972C853B21FA5A17BBBFAC169693293652C96965AD6C44D721F64C8C9213F3BED3BE532813FE4CC5E1F245BA52C48564
D6CCC1A93FBE92DA8D245A561F32D213EDE9F3A53BECD7E932C885FA8D7217E9B29B3B36C1E5F2572D3FE488D2C137A1E81A8CC9688C5B25B3EC8D3364C4C488D368841A885E8C1A57A5217B3B688D65FB217ACC416481A5B3EC8453E9FB32CC92DB613A
C964C8D6964D6844D7A89729AC89613A44C4D25A964568D61BF768CD773B32D6DA4417B2C161E933241E52D6C16893E1F69F77ED37EC97325AC565B21BF248D77BB6C1AD65B6CC1F325333A48DAD7E9BED2136452881E9725AC561A9E44D216D7AC5288C
4C896D696817A5337A565BAC4D652137BB68C1BE521A9EC9ACC93E4D21AD217245A13B69E89BEDB3329732DA5BB6D2D37BED217692C45BB296C933721E488C528CC1FAD7A168573F3281B2C1EC57AC44CD293A13ACDB7E8896D32176C89FB3B61F733E5E
1777B6169E1B732885B33E56173333A1641768C521AD656C565617B72177329329E9B724CC4CD64929F333E52C4848C89E4D21A853681EDAC1E49BB32DB7EC1B7E5A4DE853B733B61AC8C17A5613EC81E4841E93FE4C16CCC1E881BB65E4C849A53A8C1E
1A9B7289E49F33B7E8C81729B321A9FA1A1A176133E481AC9B293AD33A8921F216D641A17FA4489F2CC1A8C1B68D37EC4C96817E93B69E4DE16164DA1E41E5372C968CCD336921613F76C1AD3B33E5FB736897E8CDB7A8CDE84CC8C4817A561E489E57BE
976C13F65B6D21685776933E49B3E4C52D3F3333BADAD25765249F68845FA8D3B373BB7324413F6D2C5B7EC8C8C488DE16D37B365AC8449E53213B6537B2D29296DBE4C489B693B3B69B69F68532496521B7F24D64DAC5FE561E57617A168137B6C481EC
C884137A8416889F33337BAD3649E85BBE84133365E4533A1BB24C9E53B64CD241336521A88137A5B685ACCD7FF2DEC532C9AC1A8457A16C89A1AD29A85253E8C8CCC96976D3E1F2C8CDA4496893AD33A9FA488C9244C16C89A5A1BA9F3373BAD3E1F244
D761B32CC81ADE449B3296C49A16D61EC568893A1AC9B297A4DB2C45B361B6C881B281A96C5A896852C96CDE84D2457B2844CDBEC932C13F76C8D7A45FBA884DF6C4C5B6816168524564D29685FAD68164C53F657B32C9BF76C961E5641B3365FADB733A
C13AD325F697648165BBE8C9E4137B36DB25EC973ECC5B685AC52DA85A8961F65B697A5FB68CC5B6137E1E4D72413337372964445F296885BA577A5A164DF73E5AC9E8DB7A888D29A929F2D3E964D3E881F324893E1A44C53A45A9FA93A48889E4C53284
41B77B28D2DB3B6893644C56D329A5A1648176DA8D652485B7F3B65F2D7E137325AC8C1E53FFE8DBB3A5241E1BB29A13B33E892925B696D24DB216849336D3248CCCCD652D6D65A4D69E49F245B2C845F3F32964973E9A488C89ECC5E169EDE45AD2937A
89721E1E53E48C9641333F29689E49F33BFB284564889A53E16161B617AC1A1B337EC4173ACCCD645253213724DA4C88528DF7B728D25BE89653B3F249BAC893764CDE81AD2D337A5B6C96DBA9685E88497B373252164C9ECCD64C48D284DED296417A8C
CC13ADADA8C8CDF21BBA8C161F6DBEC81645B6921BE565A9F32928DA81E53E17A1A573328C4CDE13A81BB289A96D37FE89F6C8D285F336CD7B285A481EC5764889364572D685BA85241EC1ECCD2C16D69E8C13BA813B2C4CDEDBAC8D725ACC41733A96DE
D7BAD65E577656493E45ED2137AC44D6881AC9688CDB28565217BEC5FB7B241BFADA813A5E1E4413F724DA5EC5A5B244C4C9E5F3697293EC972D2C1E8CC921AD7F33A892D372457B2925F2CC573FB2D3E4D688CD732DB7A5656C5E5613AC453B3B37F244
C1E4C1A489B28924161ACC9B3AC48972D6977E8D7ECDAD2133B36569652481A445E5F297AC8D293B69A8C416D2417BBBFA4449732C884164489E17B7E44D29FF2DA16CC1E1BBB297B72168CC9B2441E8C17AD7EC881E4161A9B72C1A1BFFA9AC173A41A8
497A52D36C52D7A881BECCC4177A573BFAD296D61EC4573321F321BF33BAC85B33697A485F653724964DFBA85A1B364C4C1A17BA8CDE1B213F6D21E17337A44C84C9B7E17A4C4852C81BB64C4C9B284D72165A4CDF373A8176C92D2D2CCCD6C532961B6C
972492D21F3361F77B64DF7A13A52816CCC969FA16D29A9BB241A8CD29E56D369337A4973E1BB21B732C445F2D25A1BF2417A8CD6D6537A13725BB73333A4816DAC4485A1F2C85A8D684DA848565AC1FB2813E856D3A1F7BBBE5AD2DB644D2C881681F36
C929E97A1E1BB25A8413ED2493FB36884C4D364492C8C444DA88CD648453B7A1F292C1E92484C92C8816921737BA41E48881776DB6881BE933324DA881BE9FB2CD6897B6968DE965E1E8C5725B21F7ACDAC89F728C8417ACC4485F36413A5ADEC1BF37B2
CC96D68DA5ACD325E881EC81F244137F2C972881E1EDE93B64D6CC1A5A81E1E17B61724C93E8CD37FF29F3A1BBEC88DB7ED29BB648D73ECC921BA45E5A4D64C1648C497B7376CD21E1F7E933ADB3685644D6C5A1E5733A44C13F3FA8881E8445FA45A9FA
4C48C964D25E529A5F7245F3F3A1A925B649B6D37AD6D61733E85E8DB6D3E169249A889E41F7E5B24416C84964C565E4845ACC5A8CD28C5ED296521E1E85BAC8925E8C9721A1E53ADB696C1ADE529F281BFB7253693B3E13E925A44CC5BF73324D21E44C
9F2577A8D21689E49F33BAC96161ED28C9B648D32D68C9293ADF3F764961FBB7A8CD764D33F2D37BBBBACDAC1A533373F33E452D6CD3649F72DB33AC85FA44CDF29FECC9A961733FE41E1685E5BAC5BFA4CDA81B25AD25B25728C9B6C1E4888897336884
45A8816CD321F65BED284565A93AD7AD64D285E1369777A49F6C85B2161B6C496565B28C8172D2964C4CC4D7AC1A8893F32521BFB6521ACC88C53A457B64936CD2CC4456DE9281AC5A841A5AC16448C45B64561E884488521BB65E48DB72CCD7E93A9F7A
13F7688D7213FA8445BE93B24C8CDA4C89E1F253A85A1A484C1FE17329B7A41733A96977728972C1BF245BE1F69ECC48D29A9B645A133EC4DF7A1E1A8C1BE89E49653A924DFA5A5F24C9361F7B28176137329A8D6D28D61A84DA968DE49B7F68DE96C416
1A5BACDFB21ACCC88164417B2D6C4DB76C497281772D2C853616C9BA1641E1B33377248933FE93E1E4881E485B64DF3F7AC44413AC921F73E4969F36D6845E4D2488177B364C8C969B7E881F2DB7A8133BA84C5E96965B25E1ECC1EC48C5AD2CC448533A
1E96CC4CC89E45F65A88921737A49E41AC97BAD3289E96C81BA176C5A921E1E1BB213B6492445252DB7E8C8C8D216D2D25692921E4C89F2852C965B2C17A9685BB7E1B2D328CCD6165ADF6161E52D61BAC45AC8D6853AD337BECD2D72561E485681FBB2C
1E52D7AC56C49AD297ED613A1B73E5B2D65A4D721F64C17F2C5333E1EDA1685ACD3A853ADBA88881E4845FECCC921E1F33BE9732C965648D33E4817361B648D245A41E9693F7EC9281E45BA937A1F3B65E92D6D7B733FE1336C5F25B3A89F3689736C5AC
1F3B61F721FB6C53FA5613B6972848C97A1617B3B688D285B61A93724CD32C8565A5F33FE44577F373F3A457ECC816169B6DF3BACC813BEC817368921B692D73B2C89FE1F2C84CD3F3FA16D721E972492CDAD361E932C532136961B725E45B25FA1AD2D6
8C848173A1648D2164813A5B688C1F6485333A48DAD7E8D2D217F33BACC897F3BA48488C5BB3B3E881F249BA457E1A89EC164165F6D3245EC8929E5A97B72488D377E45252C53772DACC1BFA884521B7AC45E9A9772161BB3B37BAC9297A9F28CC1E41FA
C5F3689ADB2857A9A85A9E9696C5A528D2133E1EC57ACDF25A92D3ACDE5E48C8CDB7AD77A44961ED68D284CC813E1F6C4413A932D3613A1F7E536D2C52C81BF649B3721333E89A89EC4C84445F29A852D69244D7A93213EC84896CDF2497E5376DAD3BEC
5B7A8CCC4DB7A176D68D6CC1F2C1F3BF69B217A5613ECC5216C8524C452DBECC445AD732C13E816D3F7AC845E1B737A4881BFFA853A9BFB6969B253F3AD684DA84481B28925E4DEC44165A1A1E165F28C8C93B7AC53A88C5685E96C413E173A8164C164C
161E5FE41E4852937A568573F3E8C8C496481AD3B33E5E1BB25FB33FA81E44CD2816D21AD2165B2C8D25653B6169285AC5AC44CC1AD6CCC1E96C133685E1E8C4DB2537AC5A17A4C41A9A8C17AD329E9777E48C1E521777E1AC8CDA481A5A88C5B32C9A84
893F2CD337BF32532D33FB3B68D76C5B7A8C9F6173248D24DB24C1B6569729FF2C81E1377328173E572933ADB2173FA5E17E1A4537F24449EDA5292961E1F7FACDA81B7F3FA8D2D3B6C4C5B37E88C4DA1A497E9E93A9A8DAD7F64D2D3E8CC568D33F65E8
5685245A1AC48928168844161F732D3697FE4C89289ACC1AC529E85293692C4DB768533289A5BBA5A13693FE5A93AC48533F373A81681B2C5E41AD373ADB696C4C45BE172457F3FA5B7372C1ACDF7A4D25AD24CD72CC5E4C5AD2972C1776D32C41B7325E
13FB293F2568DF37B377BBB21E13AC88C16C1777AC4DED25F3B64C925B2C1E96521F3A93645ACC416893E8C48DE16D3F328533A4C88D3617A53A56893FE41E168D3B641A81B372C52481A853E4C4969692CD2165A16DA5361E484885A13B73369241A1B6
13ED249F3A8C4D21721364481689777EC88D21A8DFA4C5A161E1AD7A8DB7A4521BA4965A1B2DE533B7F24C5A5641A525B3E1A8D37FEC9292D21E897FACD2161B641E1A1EC169A8C13B73E5B37AC97B73725F329253A45B213F361F7AC1BE92137B21E1E8
924C9ACDACCD2DA13A889BAD32C5B284CCC481F7E4D2C97BA8C9F61E5E5253328C4972969E16D292D25B2D36921BE881617A5E5B244573737BAD772444D21A1E9B2DAC8CC92C56D21732D241B76C97281BBF32D33A4924813FB2161E52457B3BAD33E1EC
5A8D64C4C57736C13F6D64D721F369E85E537BF2417B652C5E44C1AC17333A9ACC1FB25B6528C97A532C1FBB7A8CD7689BAD3737BBBBA9B21645BA1BA9F21E9F641645E57E1F3B6133A9FB28492CC93F2C4C9241AD373A5B2C5B2937BA9B369E5F28C85E
9E5F3B7A5281A8C897A5217B3B688C5F25A896533B2528852C8161F69321AD65F7ACDA96813F77249B2496C496565B25EC56893364C4C45BBBBA45A4C4C88CC4921BB37337241E8933F6C41F3F245FA5AC9EDBB3ED332C972525B7216CC4136C1E9777AC
C5B7AC173361F64D685333A48DAD7E9F28C569B3AC9BAD61AD7213F3FB3B77A85A5644D37337B21AC5BB7A41733A969365285FBA1BF241B64C4C81E972CC5EC1F3A4C932929BAC5F3AC9F3A41FA1B65256CCC4C8DE1B2453B21AD3B32CC8888416529364
4161E521BBA8D32C8C1BB2C1EC57AC449ED29641E444D721F61B3B616C85A16DA5A893FA13B3E93641641E1B333772481B25B6C41E4888C1BF24D2D681EDA57A41F2C5A17ACC4496844C5241BE5B7B3B29644165EC8D29285A9F6848856C5F73289AD292
8921E1A164DEC9377E9EC17A5613EC924573F3B25BA17B3B7A85A5A88561E89641EC48CC1AC17FA81B281E1E1BB213B61F2161F32DB7ED61E4885373E8D6C925A85BE97B3765A853681E921AC48C168417B281BACD6D373E96453F3EC1BF25BA85EDE8DA
5F33F3F289656533A44C41AD3B33E5FA133B72D216D3A48DA4D37AC5F3217E5A1BF72D6DAC521E45AD25B685ACD3A853ADBA81681E484528DB7E1BBB6561E53ADFA4D68529A1EC9BAD2D73ACC8D692C81A496845EDA5B2845A9A1697F24D324CDB644D64
8D32C848DF3B33BAD21E89F6173249641BA49A5BB252C1EC52D216C85BA88D2D365B2C164C881733FE1AD25A5E48D733FE44533F373F3B25E41696C5A893733FE45252D284C8D764D72C897776C8C9F73FAD3733EC53617A9F6DA8C8DA1F3B376D3B2C92
D7285F2D6C1732C573B7E4C13A8925B284C9E5AC48885A561A5293F616C5F69E93373688177F21A8CD36493F37256888C5BB3B3E881F2533733A52417E5293AC5A9292D253F6C1A1733ECD289377E45B2CD7292845B29A1E4C164D6C45252521BE852DE8
5BA5B69F25321BE8925A5A5B25ED3AC8DAC4497E9F65B733B613696932DB6844C81B337F328C81FFE5A1369FA133B6D77A449E1ED68D292929BE89A9373A485E97FAC8C9BA5BE9F29A8DEC8CD3A8D21E845B2DB73B7ACDA5B681AC8C9213A93245E89E5E
1E52D365A1A936CDF2161725A1769777E5F2172DEDB25281F321AD2D3B6DB7B245B7B32DA1F7E964D2C13ACC5BA9E8D3241B6416D3F7AC1E9645ECC4929E9E965A456D6C4416D6416DEC4CCC52D6413F728D24528D256CC8C8C9777E533BFFA8896D65A4
8DA1E889E1FE9AD6C13B2892DA885B3A49693BA444D2925BE133772C1F2C525BB369F21641E16C817241B645ACCC4CD3B3AC1B3AD2D2D617E93AC4C97A4D64532C9B2DADBBB37A932CDF2C5F32D33B3F296C8921ED29B656D6C5A9A5B21E44457FBE89E8
56525764524445725217377365761724173616521373613641333336172413364136532133733773333373324456177241652417617241337724537724173213376524564452165336441617337325253725773256165333736176417337333216456456
